Mono path[0] = 'D:/下載/compress/News.Tower.v0.17.85r/News.Tower.v0.17.85r/News Tower_Data/Managed'
Mono config path = 'D:/下載/compress/News.Tower.v0.17.85r/News.Tower.v0.17.85r/MonoBleedingEdge/etc'
Fallback handler could not load library D:/下載/compress/News.Tower.v0.17.85r/News.Tower.v0.17.85r/News Tower_Data/MonoBleedingEdge/data-0000022B08B8F080.dll
Fallback handler could not load library D:/下載/compress/News.Tower.v0.17.85r/News.Tower.v0.17.85r/News Tower_Data/MonoBleedingEdge/data-0000022B0EE06040.dll
Initialize engine version: 2021.3.29f1 (204d6dc9ae1c)
[Subsystems] Discovering subsystems at path D:/下載/compress/News.Tower.v0.17.85r/News.Tower.v0.17.85r/News Tower_Data/UnitySubsystems
GfxDevice: creating device client; threaded=1; jobified=1
Direct3D:
    Version:  Direct3D 11.0 [level 11.1]
    Renderer: NVIDIA GeForce GTX 1080 (ID=0x1b80)
    Vendor:   NVIDIA
    VRAM:     8059 MB
    Driver:   32.0.15.6094
Begin MonoManager ReloadAssembly
- Completed reload, in  0.275 seconds
[Message:   BepInEx] BepInEx 5.4.21.0 - News Tower (2024/2/13 下午 01:20:46)
[Info   :   BepInEx] Running under Unity v2021.3.29.2116973
[Info   :   BepInEx] CLR runtime version: 4.0.30319.42000
[Info   :   BepInEx] Supports SRE: True
[Info   :   BepInEx] System platform: Bits64, Windows
[Message:   BepInEx] Preloader started
[Info   :   BepInEx] Loaded 1 patcher method from [BepInEx.Preloader 5.4.21.0]
[Info   :   BepInEx] 1 patcher plugin loaded
[Info   :   BepInEx] Patching [UnityEngine.CoreModule] with [BepInEx.Chainloader]
[Message:   BepInEx] Preloader finished
[Message:   BepInEx] Chainloader ready
[Message:   BepInEx] Chainloader started
[Info   :   BepInEx] 2 plugins to load
[Info   :   BepInEx] Loading [XUnity Auto Translator 5.4.0]
OnLevelWasLoaded was found on AutoTranslationPlugin
This message has been deprecated and will be removed in a later version of Unity.
Add a delegate to SceneManager.sceneLoaded instead to get notifications after scene loading has completed
[Debug  :XUnity.AutoTranslator] Screen resolution determine to be: 304x201
[Info   :XUnity.AutoTranslator] Version of TextMesh Pro: 1.4.0.
[Debug  :XUnity.AutoTranslator] Hooked UnityEngine.UI.Text.set_text through Harmony hooks.
[Debug  :XUnity.AutoTranslator] Hooked UnityEngine.UI.Text.OnEnable through Harmony hooks.
[Debug  :XUnity.AutoTranslator] Hooked TMPro.TextMeshProUGUI.OnEnable through Harmony hooks.
[Debug  :XUnity.AutoTranslator] Hooked TMPro.TextMeshPro.OnEnable through Harmony hooks.
[Debug  :XUnity.AutoTranslator] Hooked TMPro.TMP_Text.set_text through Harmony hooks.
[Debug  :XUnity.AutoTranslator] Hooked TMPro.TMP_Text.SetText through Harmony hooks.
[Debug  :XUnity.AutoTranslator] Hooked TMPro.TMP_Text.SetText through Harmony hooks.
[Debug  :XUnity.AutoTranslator] Hooked TMPro.TMP_Text.SetText through Harmony hooks.
[Debug  :XUnity.AutoTranslator] Hooked TMPro.TMP_Text.SetCharArray through Harmony hooks.
[Debug  :XUnity.AutoTranslator] Hooked TMPro.TMP_Text.SetCharArray through Harmony hooks.
[Warning:  HarmonyX] AccessTools.Method: Could not find method for type TMPro.TMP_Text and name SetCharArray and parameters (int[], int, int)
[Warning:XUnity.AutoTranslator] Could not hook 'TMP_Text_SetCharArray_Hook3'. Likely due differences between different versions of the engine or text framework.
[Debug  :XUnity.AutoTranslator] Disabling certificate checks for endpoints because of configuration.
[Debug  :XUnity.AutoTranslator] Probing whether OnLevelWasLoaded or SceneManager is supported in this version of Unity. Any warnings related to OnLevelWasLoaded coming from Unity can safely be ignored.
[Debug  :XUnity.AutoTranslator] SceneManager is supported in this version of Unity.
[Info   :XUnity.AutoTranslator] Attempting to load TextMesh Pro font from asset bundle.
Upgrading font asset [ARIALUNI SDF] to version 1.1.0.
[Info   :XUnity.AutoTranslator] Loaded TextMesh Pro font uses version: 1.1.0
[Warning:XUnity.AutoTranslator] TextMesh Pro version mismatch. Font asset version: 1.1.0, TextMesh Pro version: 1.4.0
[Info   :XUnity.AutoTranslator] Loaded fallback font for TextMesh Pro: arialuni_sdf_u2018
[Debug  :XUnity.AutoTranslator] Loaded resize command text files.
[Debug  :XUnity.AutoTranslator] --- Loading Global Translations ---
[Debug  :XUnity.AutoTranslator] Loaded translation text files (took 0.05 seconds)
[Debug  :XUnity.AutoTranslator] Created variation translations (took 0 seconds)
[Debug  :XUnity.AutoTranslator] Created token translations (took 0 seconds)
[Info   :XUnity.AutoTranslator] Loaded XUnity.AutoTranslator into Unity [2021.3.29f1] game.
[Info   :   BepInEx] Loading [XUnity Resource Redirector 2.1.0]
[Message:   BepInEx] Chainloader startup complete
<RI> Initializing input.
New input system (experimental) initialized
Using XInput
<RI> Input initialized.
<RI> Initialized touch support.
UnloadTime: 1.575500 ms
[STEAM] Before init
[Info   :XUnity.AutoTranslator] Skipping plugin scan because no plugin-specific translations has been registered.
0.17.85.r min: 0.18.83
0.17.85.r min: 0.18.105
0.17.85.r max: 0.9.3
0.17.85.r max: 0.13
0.17.85.r max: 0.17
Settigns manager timeout, proceeding...
[FMOD] Please add an 'FMOD Studio Listener' component to your a camera in the scene for correct 3D positioning of sounds.
Awaiting Steam initialization...
The referenced script on this Behaviour (Game Object '<null>') is missing!
The referenced script on this Behaviour (Game Object 'Item Compose') is missing!
The referenced script on this Behaviour (Game Object 'Story Skill Requirement Display') is missing!
Unloading 5 Unused Serialized files (Serialized files now loaded: 12)
UnloadTime: 4.523500 ms
DontDestroyOnLoad only works for root GameObjects or components on root GameObjects.
[Info   :XUnity.AutoTranslator] Attempting to load TextMesh Pro font from asset bundle.
The AssetBundle 'D:\下載\compress\News.Tower.v0.17.85r\News.Tower.v0.17.85r\arialuni_sdf_u2018' can't be loaded because another AssetBundle with the same files is already loaded.
[Warning:XUnity.AutoTranslator] Could not load asset bundle while loading font: D:\下載\compress\News.Tower.v0.17.85r\News.Tower.v0.17.85r\arialuni_sdf_u2018
Control scheme changed: Keyboard and Mouse(<Keyboard>,<Mouse>,<Pen>)
Unloading 976 unused Assets to reduce memory usage. Loaded Objects now: 30840.
Total: 30.211900 ms (FindLiveObjects: 2.355500 ms CreateObjectMapping: 1.511600 ms MarkObjects: 24.957300 ms  DeleteObjects: 1.386500 ms)

DontDestroyOnLoad only works for root GameObjects or components on root GameObjects.
OutsideUIClickEventRaiser has no target
POINTER DEVICE CHANGE: Mouse
Set mode to IntroMenu
Last environment 745e634a735a444d881d3c2455ce0a44
No switch
DontDestroyOnLoad only works for root GameObjects or components on root GameObjects.
Base shuffle group: 1
Request https://clan.akamai.steamstatic.com/images/40684736/c8f4e9572dde05273472b4499b6aff3152442880_960x311.jpg
Handling https://clan.akamai.steamstatic.com/images/40684736/c8f4e9572dde05273472b4499b6aff3152442880_960x311.jpg
Loaded https://clan.akamai.steamstatic.com/images/40684736/c8f4e9572dde05273472b4499b6aff3152442880_960x311.jpg from file cache
Set mode to NoMusic
The referenced script (Unknown) on this Behaviour is missing!
The referenced script on this Behaviour (Game Object 'Employee Line Display Canvas') is missing!
The referenced script (Unknown) on this Behaviour is missing!
The referenced script (Unknown) on this Behaviour is missing!
The referenced script (Unknown) on this Behaviour is missing!
The referenced script (Unknown) on this Behaviour is missing!
The referenced script (Unknown) on this Behaviour is missing!
The referenced script (Unknown) on this Behaviour is missing!
The referenced script on this Behaviour (Game Object 'Lobby Marker') is missing!
The referenced script on this Behaviour (Game Object 'Van Anden Spawn Point') is missing!
The referenced script on this Behaviour (Game Object 'Press Room Marker') is missing!
The referenced script on this Behaviour (Game Object 'Compositing Room Marker') is missing!
The referenced script on this Behaviour (Game Object 'News Room Marker') is missing!
The referenced script on this Behaviour (Game Object 'Full Interior Marker') is missing!
The referenced script on this Behaviour (Game Object 'Typesetting Room Marker') is missing!
The referenced script on this Behaviour (Game Object 'Van Anden Painting') is missing!
The referenced script on this Behaviour (Game Object 'Employee Line Display Canvas (1)') is missing!
The referenced script on this Behaviour (Game Object 'Employee Line Display Canvas (1)') is missing!
The referenced script on this Behaviour (Game Object 'Employee Line Display Canvas (3)') is missing!
The referenced script on this Behaviour (Game Object 'Employee Line Display Canvas (3)') is missing!
The referenced script on this Behaviour (Game Object 'Employee Line Display Canvas (2)') is missing!
The referenced script on this Behaviour (Game Object 'Employee Line Display Canvas (2)') is missing!
Unloading 1 Unused Serialized files (Serialized files now loaded: 12)
UnloadTime: 31.327000 ms
Floor count: 2, total added floors: 0, initial floors: 2
Adding area map in coreloop callback
Area map in core loop unlocked: False
Confirm button enable
No perception change audio clip found. Will not play audio when changing perception side
No perception change audio clip found. Will not play audio when changing perception side
Confirm button disable
[Debugger] - Online
[Debugger] - Activating debug modules on play...
[DebugModuleDrawObjectDebugInfo] - Drawing debuggable object gizmos...
Debug modules can be managed in the --[DEBUG]-- object.
[DebugModuleGraphPositionDrawer] - Drawing graph positions...
Debug modules can be managed in the --[DEBUG]-- object.
[DebugModuleTowerEdgeDrawer] - Drawing tower edge gizmos...
Debug modules can be managed in the --[DEBUG]-- object.
Unloading 689 unused Assets to reduce memory usage. Loaded Objects now: 79750.
Total: 62.742100 ms (FindLiveObjects: 7.907300 ms CreateObjectMapping: 5.298600 ms MarkObjects: 48.325900 ms  DeleteObjects: 1.209400 ms)

The referenced script on this Behaviour (Game Object '<null>') is missing!
Loaded 216 mutable content word lists.
Loaded 37 story file quotes
Loaded 6 year labels
Loaded 65 period labels
Loaded 55 tag quotes
KERNEL RESIZE!
KERNEL RESIZE!
Loaded 12 traits
Loading game with header info:
{"newspaperName":"反共日報","gameSessionCount":6,"totalPlaytimeSeconds":17924.191088253632,"newspaperEditions":56,"coreloopCount":56,"subscriberCount":3600,"towerTime":{"ticks":233987290320},"applicationVersion":"0.17.85.r","gameSessionId":"0861c1a2-0383-4287-a16d-6c0289a0c9ef","isAutoSave":false,"savedDuringCoreloop":false,"displayName":"反共日報","gameModeGuid":"9f840fbe7d9554f1787b8a7c210d9105","wasSavedInEndless":true,"dataFlags":1,"gameDataSerializer":0}
Load root count: 221
[Error  :XUnity.AutoTranslator] Batch operation received incorrect number of translations.
[Error  :XUnity.AutoTranslator] Failed: ' to follow the latest updates or to give us your feedback. Thank you for being part of this!'
[Error  :XUnity.AutoTranslator] Failed: '5.0 hours'
[Error  :XUnity.AutoTranslator] Failed: 'Jun (Endless)'
[Error  :XUnity.AutoTranslator] Failed: 'May (Endless)'
[Error  :XUnity.AutoTranslator] Failed: '4.6 hrs'
[Error  :XUnity.AutoTranslator] A batch operation failed. Disabling batching and restarting failed jobs.
The referenced script on this Behaviour (Game Object '<null>') is missing!
The referenced script on this Behaviour (Game Object '<null>') is missing!
Added from load game, macro InstructorFramework.Macros.HintStashTabInstructorMacro
Added from load game, macro InstructorFramework.Macros.ExplainTeasedSkillStoryFileMacro
Added from load game, macro InstructorFramework.Macros.OldNewsHintMacro
Added from load game, macro InstructorFramework.Macros.AssignInstructorMacro
Added from load game, macro InstructorFramework.Macros.AssignInstructorMacro
Added from load game, macro InstructorFramework.Macros.PowerFailInstructorMacro
Added from load game, macro InstructorFramework.Macros.HintAutoResourceOrderInstructorMacro
Added from load game, macro InstructorFramework.Macros.AssignInstructorMacro
Added from load game, macro InstructorFramework.Macros.AssignInstructorMacro
Added from load game, macro Macros.GuideInstructorMacro
Added from load game, macro InstructorFramework.Macros.BuildUniqueInstructorMacro
Added from load game, macro InstructorFramework.Macros.BuildUniqueInstructorMacro
Added from load game, macro InstructorFramework.Macros.BuildUniqueInstructorMacro
Added from load game, macro InstructorFramework.Macros.ExplainEditorBoxMacro
Added from load game, macro InstructorFramework.Macros.OrderResourcesInstructorMacro
Added from load game, macro InstructorFramework.Macros.HintAutoResourceOrderInstructorMacro
Added from load game, macro Macros.GuideInstructorMacro
Added from load game, macro InstructorFramework.Macros.ToolTipSuspenderMacro
Added from load game, macro Macros.GuideInstructorMacro
Added from load game, macro InstructorFramework.Macros.HintAutoResourceOrderInstructorMacro
Added from load game, macro InstructorFramework.Macros.ExplainStretchInstructorMacro
Added from load game, macro Macros.GuideInstructorMacro
Added from load game, macro InstructorFramework.Macros.ExpandWorkforceOnPageModuleHintMacro
Added from load game, macro InstructorFramework.Macros.BuildUniqueInstructorMacro
Added from load game, macro InstructorFramework.Macros.BuildUniqueInstructorMacro
Added from load game, macro Macros.GuideInstructorMacro
Added from load game, macro Macros.AdInjectMacro
Added from load game, macro InstructorFramework.Macros.AssignInstructorMacro
AutoSave event at Sunday 23:59, June
LastChanceToPrintEvent at Sunday 23:59, June
EndOfMonthEvent at Sunday 23:59, June
BAR ASSIGN
Area map in core loop unlocked: True
Initialized TowerTime at Monday 04:10, June
PRINT WINDOW END EVENT LOADED
*** Something is modulating node state from a state change callback, this is not allowed
*** Something is modulating node state from a state change callback, this is not allowed
KERNEL RESIZE!
*** APPLYING ALL BUILDABLES ***
Loaded game has tower score entries!
Set game shuffle from: NoMusic to Newstower3_Low
Set mode to GameShuffle
Confirm button enable
Confirm button disable
KERNEL RESIZE!
Story file completed at Monday 11:35, June
Story file completed at Monday 18:10, June
[Info   :XUnity.AutoTranslator] Re-enabled batching.
Spawned reportableBANKER KIDNAPPED at Monday 20:40, June
Sort mode Name
Sort mode Skills
Spawned reportable{spawnLocation} Theater's Figures {losing} at Tuesday 13:10, June
Story file completed at Tuesday 23:05, June
Story file completed at Wednesday 07:46, June
Finalize complete
Story file completed at Wednesday 23:39, June
Set game shuffle from: Newstower3_Low to Newstower3_Mid
Spawned reportableEconomic {economicCrisis} Continues at Thursday 14:58, June
Story file completed at Thursday 15:46, June
Finalize complete
Spawned reportable{crimeGoods} Seized By {police} at Thursday 22:26, June
Story file completed at Friday 07:29, June
Story file completed at Friday 16:45, June
Story file completed at Saturday 04:00, June
Spawned reportableNations fear grows at Saturday 13:56, June
Autosave entry was found
Auto save  game (0861c1a2-0383-4287-a16d-6c0289a0c9ef) written to C:/Users/john lee/AppData/LocalLow/Sparrow Night/News Tower\0861c1a2-0383-4287-a16d-6c0289a0c9ef.nta
ON WINDOW END
Story file completed at Sunday 11:27, June
Already auto saved for period June
Handling success sequence 56
Set mode to Printing
Warning: No content matches found for Macros.MacroBaseData with labels System.String[]
Devlivery complete
StartOfMonthEvent at Monday 00:00, July
EndOfMonthEvent at Sunday 23:59, July
Content Bulk: Released 0 items of unused content
World news count: 0
STOPPING QUEST _Game.Quests.HotTopicsQuest
KERNEL RESIZE!
Starting content matrix algorithm...
Loading content bulk...
MAKE INACTIVE
MAKE INACTIVE
MAKE INACTIVE
MAKE INACTIVE
Rewarding 27600 of Sales
Rewarding 4 of Influence Points
Rewarding 4140 of Money
Rewarding -1 of Perception
Paying monthly expense for June: -3097.5
Awaiting content matrix algorithm result...
RECAP DEACTIVATE
Awaiting content slices...
Content Matrix took 47412ms. Details:
Slices: 60
Bulk:Total bulk size 546 items
Reportables.NewsItemData size 435 items
Reportables.Data.AdData size 111 items
Content matrix algorithm finished!
Area Map Recap: DoSequence
Confirm button enable
Start Playback
End Playback
[Debug  :XUnity.AutoTranslator] Closing connections to endpoint 'https://translate.google.com:443' due to inactivity.
IAreaMapRecapEnd
Setting pending quest at row 1
Content Bulk: Released 546 items of unused content
Warning: No content matches found for Hiring.ApplicantData with labels System.String[]
*** Generated 12 new applicants
Set game shuffle from: Newstower3_Mid to Newstower11_Low
Set mode to GameShuffle
Print window start: Sunday 00:00, July end: Sunday 23:59, July
AutoSave event at Sunday 23:59, July
LastChanceToPrintEvent at Sunday 23:59, July
Success sequence done
Remaining lockers:
[--Full State--]
(DisableOnPause, NoSave)

[--Handlers--]
TowerTime:
()
Confirm button disable
Story file completed at Wednesday 11:49, July
Spawned reportable{politicsEventDescription} {politicsGroup} Shows Influence at Wednesday 21:10, July
Story file completed at Thursday 14:37, July
Set game shuffle from: Newstower11_Low to Newstower11_Mid
Spawned reportable{entertainmentLocation}: {shocks} Foundation at Thursday 23:54, July
Story file completed at Friday 16:33, July
Spawned reportableProhibition Perils: Bootlegging Still Booms at Friday 18:54, July
Story file completed at Saturday 11:26, July
Story file completed at Saturday 11:59, July
Autosave entry was found
Auto save  game (0861c1a2-0383-4287-a16d-6c0289a0c9ef) written to C:/Users/john lee/AppData/LocalLow/Sparrow Night/News Tower\0861c1a2-0383-4287-a16d-6c0289a0c9ef.nta
ON WINDOW END
Story file completed at Sunday 12:08, July
Story file completed at Sunday 19:44, July
Already auto saved for period July
Handling success sequence 57
Set mode to Printing
Warning: No content matches found for Macros.MacroBaseData with labels System.String[]
Devlivery complete
StartOfMonthEvent at Monday 00:00, August
EndOfMonthEvent at Sunday 23:59, August
Content Bulk: Released 0 items of unused content
World news count: 0
KEEPING QUEST _Game.Quests.HotTopicsQuest
KERNEL RESIZE!
Starting content matrix algorithm...
Loading content bulk...
[Error  :XUnity.AutoTranslator] Batch operation received incorrect number of translations.
[Error  :XUnity.AutoTranslator] Failed: 'They keep on upping their investigations!'
[Error  :XUnity.AutoTranslator] Failed: 'Thanks for putting this on my radar. Or has that not been invented yet?'
[Error  :XUnity.AutoTranslator] A batch operation failed. Disabling batching and restarting failed jobs.
MAKE INACTIVE
MAKE INACTIVE
Awaiting content slices...
Content Matrix took 14792ms. Details:
Slices: 60
Bulk:Total bulk size 546 items
Reportables.NewsItemData size 435 items
Reportables.Data.AdData size 111 items
Rewarding 19100 of Sales
Rewarding 0 of Influence Points
Rewarding 2865 of Money
Rewarding -1 of Perception
Paying monthly expense for July: -3097.5
Awaiting content matrix algorithm result...
Content matrix algorithm finished!
Area Map Recap: DoSequence
RECAP DEACTIVATE
Confirm button enable
Start Playback
End Playback
IAreaMapRecapEnd
Setting pending quest at row 2
Setting pending quest at row 1
Content Bulk: Released 546 items of unused content
Warning: No content matches found for Hiring.ApplicantData with labels System.String[]
*** Generated 12 new applicants
Set game shuffle from: Newstower11_Mid to Newstower8_Low
Set mode to GameShuffle
Print window start: Sunday 00:00, August end: Sunday 23:59, August
AutoSave event at Sunday 23:59, August
LastChanceToPrintEvent at Sunday 23:59, August
Success sequence done
Remaining lockers:
[--Full State--]
(DisableOnPause, NoSave)

[--Handlers--]
TowerTime:
()
Confirm button disable
Confirm button enable
Confirm button disable
Spawned reportableTeam Dynamics Fracture as Feud Goes Public at Monday 08:57, August
[Info   :XUnity.AutoTranslator] Re-enabled batching.
Story file completed at Tuesday 05:54, August
KERNEL RESIZE!
Story file completed at Tuesday 11:35, August
KERNEL RESIZE!
Spawned reportable{crimeGoods} Seized By {police} at Tuesday 12:19, August
KERNEL RESIZE!
KERNEL RESIZE!
KERNEL RESIZE!
KERNEL RESIZE!
[Debug  :XUnity.AutoTranslator] Closing connections to endpoint 'https://translate.google.com:443' due to inactivity.
KERNEL RESIZE!
KERNEL RESIZE!
KERNEL RESIZE!
KERNEL RESIZE!
Spawned reportablePROHIBITION BETRAYED at Tuesday 20:37, August
Instructor InstructorFramework.Macros.ExpandWorkforceOnPageModuleHintInstructor has stopped, success: True
MACRO UNLOADED: Expand Workforce On Page Module Hint
Instructor InstructorFramework.Implementations.Common.BuildSomethingUniqueInstructor has stopped, success: True
MACRO UNLOADED: Build Graphic Chain - Build Repro Cam
Set game shuffle from: Newstower8_Low to Newstower8_Mid
Instructor InstructorFramework.AssignInstructor has stopped, success: False
Instructor InstructorFramework.AssignInstructor has stopped, success: True
MACRO UNLOADED: Build Graphic Chain - Assign Repro Cam
Break chain fallback
Instructor InstructorFramework.Implementations.Common.BuildSomethingUniqueInstructor has stopped, success: True
MACRO UNLOADED: Build Graphic Chain - Build Chemical Engraver
Instructor InstructorFramework.AssignInstructor has stopped, success: False
Story file completed at Saturday 12:28, August
Story file completed at Saturday 16:01, August
Story file completed at Saturday 18:38, August
[Debug  :XUnity.AutoTranslator] Closing connections to endpoint 'https://translate.google.com:443' due to inactivity.
WEIRD BUG! Can't start the coroutine below
Sort mode Skills
MACRO UNLOADED: Build Graphic Chain - Guide
Guide unload: inloading bullet macro Build Graphic Chain - Assign Chemical Engraver from guide macro because it wasn't unloaded yet.
MACRO UNLOADED: Build Graphic Chain - Assign Chemical Engraver
Sort mode Skills
Finalize complete
Autosave entry was found
Auto save  game (0861c1a2-0383-4287-a16d-6c0289a0c9ef) written to C:/Users/john lee/AppData/LocalLow/Sparrow Night/News Tower\0861c1a2-0383-4287-a16d-6c0289a0c9ef.nta
ON WINDOW END
Already auto saved for period August
Handling success sequence 58
Set mode to Printing
Warning: No content matches found for Macros.MacroBaseData with labels System.String[]
Devlivery complete
StartOfMonthEvent at Monday 00:00, September
EndOfMonthEvent at Sunday 23:59, September
Content Bulk: Released 0 items of unused content
World news count: 0
STOPPING QUEST _Game.Quests.HotTopicsQuest
Quest fail consequence!
STOPPING QUEST _Game.Quests.Composed.ComposedQuest
Finalize prev week quest
KERNEL RESIZE!
Starting content matrix algorithm...
Loading content bulk...
Awaiting content slices...
Content Matrix took 13823ms. Details:
Slices: 40
Bulk:Total bulk size 542 items
Reportables.NewsItemData size 431 items
Reportables.Data.AdData size 111 items
[Debug  :XUnity.AutoTranslator] Closing connections to endpoint 'https://translate.google.com:443' due to inactivity.
MAKE INACTIVE
User has seen all tooltips
MACRO UNLOADED: Perception Recap - Puppet Block Send (To district)
The referenced script (UI.ContentToPreferredSizePreview) on this Behaviour is missing!
The referenced script on this Behaviour (Game Object 'Employee Line Display Canvas') is missing!
The referenced script on this Behaviour (Game Object 'Employee Line Display Canvas') is missing!
Rewarding 24700 of Sales
Rewarding 3 of Influence Points
Rewarding 3705 of Money
Rewarding 1 of Perception
Paying monthly expense for August: -3197.5
Awaiting content matrix algorithm result...
Content matrix algorithm finished!
Area Map Recap: DoSequence
RECAP DEACTIVATE
Confirm button enable
Start Playback
End Playback
IAreaMapRecapEnd
Setting pending quest at row 1
Setting pending quest at row 2
Content Bulk: Released 542 items of unused content
Warning: No content matches found for Hiring.ApplicantData with labels System.String[]
*** Generated 12 new applicants
Set game shuffle from: Newstower8_Mid to Newstower3_Low
Set mode to GameShuffle
Print window start: Sunday 00:00, September end: Sunday 23:59, September
AutoSave event at Sunday 23:59, September
LastChanceToPrintEvent at Sunday 23:59, September
Success sequence done
Remaining lockers:
[--Full State--]
(DisableOnPause, NoSave)

[--Handlers--]
TowerTime:
()
Confirm button disable
Mobster/Protester appeared, count 1
Mobster/Protester appeared, count 2
Mobster/Protester appeared, count 3
Mobster/Protester appeared, count 4
Mobster/Protester appeared, count 5
Spawned reportableDinosaur fossil found at Monday 03:00, September
Story file completed at Monday 16:20, September
Bombing
Story file completed at Monday 19:36, September
[Debug  :XUnity.AutoTranslator] Closing connections to endpoint 'https://translate.google.com:443' due to inactivity.
Spawned reportableTax Turmoil: Struggling Middle Class at Tuesday 12:55, September
Spawned reportable{spawnLocation} {mainSport} Unfit at Tuesday 15:09, September
[Debug  :XUnity.AutoTranslator] Closing connections to endpoint 'https://translate.google.com:443' due to inactivity.
Story file completed at Thursday 00:12, September
Story file completed at Thursday 01:39, September
Set game shuffle from: Newstower3_Low to Newstower3_Mid
Finalize complete
Finalize complete
Finalize complete
Finalize complete
Spawned reportableUnlawful {crimeEventDescription} {statistics} at Saturday 01:12, September
Story file completed at Saturday 11:53, September
Autosave entry was found
Auto save  game (0861c1a2-0383-4287-a16d-6c0289a0c9ef) written to C:/Users/john lee/AppData/LocalLow/Sparrow Night/News Tower\0861c1a2-0383-4287-a16d-6c0289a0c9ef.nta
ON WINDOW END
Already auto saved for period September
Handling success sequence 59
Set mode to Printing
Warning: No content matches found for Macros.MacroBaseData with labels System.String[]
Devlivery complete
StartOfMonthEvent at Monday 00:00, October
EndOfMonthEvent at Sunday 23:59, October
Content Bulk: Released 0 items of unused content
World news count: 0
STOPPING QUEST _Game.Quests.HotTopicsQuest
No fail consequence!
STOPPING QUEST _Game.Quests.Composed.ComposedQuest
Finalize prev week quest
KERNEL RESIZE!
Starting content matrix algorithm...
Loading content bulk...
Awaiting content slices...
Content Matrix took 14289ms. Details:
Slices: 38
Bulk:Total bulk size 539 items
Reportables.NewsItemData size 428 items
Reportables.Data.AdData size 111 items
MAKE INACTIVE
MAKE INACTIVE
MAKE INACTIVE
Rewarding 31300 of Sales
Rewarding 3 of Influence Points
Rewarding 4695 of Money
Rewarding -1 of Perception
Paying monthly expense for September: -3297.5
Awaiting content matrix algorithm result...
Content matrix algorithm finished!
Area Map Recap: DoSequence
RECAP DEACTIVATE
Confirm button enable
Start Playback
End Playback
[Error  :XUnity.AutoTranslator] Batch operation received incorrect number of translations.
[Error  :XUnity.AutoTranslator] Failed: 'What a time to be alive, publisher. I read your newspaper and it looks like the mayor is in big trouble. Tammany Hall's puppet seems to slip.'
[Error  :XUnity.AutoTranslator] Failed: 'High Pressure!'
[Error  :XUnity.AutoTranslator] A batch operation failed. Disabling batching and restarting failed jobs.
Paying out entry!
Map reward payout, buildable unlock: Big Globe Unlock Pair (Stock: -1, Unlock Mode: Set)
IAreaMapRecapEnd
Setting pending quest at row 1
Content Bulk: Released 539 items of unused content
Warning: No content matches found for Hiring.ApplicantData with labels System.String[]
*** Generated 12 new applicants
Set game shuffle from: Newstower3_Mid to Newstower11_Low
Set mode to GameShuffle
Print window start: Sunday 00:00, October end: Sunday 23:59, October
LastChanceToPrintEvent at Sunday 23:59, October
AutoSave event at Sunday 23:59, October
Success sequence done
Remaining lockers:
[--Full State--]
(DisableOnPause, NoSave)

[--Handlers--]
TowerTime:
()
Confirm button disable
Spawned reportable{mainSport} Champion Leads Double Life at Monday 00:53, October
Story file completed at Monday 15:04, October
Finalize complete
[Info   :XUnity.AutoTranslator] Re-enabled batching.
[Debug  :XUnity.AutoTranslator] Closing connections to endpoint 'https://translate.google.com:443' due to inactivity.
Story file completed at Monday 19:51, October
Finalize complete
Story file completed at Tuesday 03:19, October
Spawned reportable{mainAndSecondarySport} on {team} Trip at Tuesday 11:17, October
Finalize complete
[Debug  :XUnity.AutoTranslator] Closing connections to endpoint 'https://translate.google.com:443' due to inactivity.
Instructor InstructorFramework.Macros.ExplainTeasedSkillStoryFileInstructor has stopped, success: False
Spawned reportable{politicsEventDescription} {politicsGroup} Shows Influence at Wednesday 10:38, October
Story file completed at Wednesday 12:26, October
Instructor InstructorFramework.Macros.ExplainTeasedSkillStoryFileInstructor has stopped, success: False
Instructor InstructorFramework.Macros.ExplainTeasedSkillStoryFileInstructor has stopped, success: False
Story file completed at Thursday 02:50, October
Set game shuffle from: Newstower11_Low to Newstower11_Mid
Story file completed at Friday 04:56, October
Spawned reportable{spawnLocation}'s {crimeCircumstances} Crime at Friday 05:57, October
Spawned reportableGreen Bay Packers Star Lost at Friday 12:02, October
Story file completed at Friday 18:33, October
Story file completed at Saturday 08:52, October
Finalize complete
Story file completed at Saturday 12:39, October
Spawned reportableWedding announcement at Saturday 14:40, October
Finalize complete
Autosave entry was found
Auto save  game (0861c1a2-0383-4287-a16d-6c0289a0c9ef) written to C:/Users/john lee/AppData/LocalLow/Sparrow Night/News Tower\0861c1a2-0383-4287-a16d-6c0289a0c9ef.nta
ON WINDOW END
Story file completed at Sunday 08:48, October
Already auto saved for period October
Handling success sequence 60
Set mode to Printing
Warning: No content matches found for Macros.MacroBaseData with labels System.String[]
Devlivery complete
StartOfMonthEvent at Monday 00:00, November
EndOfMonthEvent at Sunday 23:59, November
Content Bulk: Released 0 items of unused content
World news count: 0
KEEPING QUEST _Game.Quests.HotTopicsQuest
KERNEL RESIZE!
Starting content matrix algorithm...
Loading content bulk...
MAKE INACTIVE
MAKE INACTIVE
MAKE INACTIVE
MAKE INACTIVE
Awaiting content slices...
The referenced script (UI.ContentToPreferredSizePreview) on this Behaviour is missing!
The referenced script on this Behaviour (Game Object 'Employee Line Display Canvas') is missing!
The referenced script on this Behaviour (Game Object 'Employee Line Display Canvas') is missing!
Content Matrix took 14887ms. Details:
Slices: 57
Bulk:Total bulk size 536 items
Reportables.NewsItemData size 425 items
Reportables.Data.AdData size 111 items
Rewarding 14400 of Sales
Rewarding 0 of Influence Points
Rewarding 2160 of Money
Rewarding -1 of Perception
Paying monthly expense for October: -3322.5
Awaiting content matrix algorithm result...
Content matrix algorithm finished!
Area Map Recap: DoSequence
RECAP DEACTIVATE
Confirm button enable
Start Playback
End Playback
IAreaMapRecapEnd
Setting pending quest at row 1
Content Bulk: Released 536 items of unused content
Warning: No content matches found for Hiring.ApplicantData with labels System.String[]
*** Generated 12 new applicants
Set game shuffle from: Newstower11_Mid to Newstower8_Low
Set mode to GameShuffle
Print window start: Sunday 00:00, November end: Sunday 23:59, November
LastChanceToPrintEvent at Sunday 23:59, November
AutoSave event at Sunday 23:59, November
Success sequence done
Remaining lockers:
[--Full State--]
(DisableOnPause, NoSave)

[--Handlers--]
TowerTime:
()
Confirm button disable
Story file completed at Monday 01:26, November
Spawned reportable{societyGenericPerson} Hiking {lost} in {outdoors} at Monday 06:09, November
Spawned reportable{crimeGoods} Seized By {police} at Monday 08:23, November
Instructor InstructorFramework.Macros.ExplainTeasedSkillStoryFileInstructor has stopped, success: False
Story file completed at Monday 20:24, November
Story file completed at Monday 21:01, November
Story file completed at Monday 23:58, November
Instructor InstructorFramework.Macros.ExplainTeasedSkillStoryFileInstructor has stopped, success: False
Story file completed at Tuesday 12:43, November
Spawned reportableMassacre at Asylum at Tuesday 21:10, November
Story file completed at Wednesday 09:35, November
Spawned reportableNew {entertainmentLocation} Opening at Wednesday 16:33, November
Story file completed at Thursday 09:12, November
Story file completed at Thursday 09:44, November
Spawned reportableBoxing Hangs in the Ropes at Thursday 14:48, November
Set game shuffle from: Newstower8_Low to Newstower8_Mid
Finalize complete
Story file completed at Friday 06:17, November
Story file completed at Friday 11:47, November
Spawned reportableFloodings in Louisiana at Friday 13:38, November
Spawned reportablePolice Bust {crimeGroup} in {crimeLocation} at Saturday 07:13, November
Story file completed at Saturday 17:55, November
Story file completed at Saturday 21:57, November
Spawned reportableHoover's Public Perception at Sunday 02:16, November
Finalize complete
Spawned reportableHoover's Economic Policies at Sunday 19:42, November
Autosave entry was found
Auto save  game (0861c1a2-0383-4287-a16d-6c0289a0c9ef) written to C:/Users/john lee/AppData/LocalLow/Sparrow Night/News Tower\0861c1a2-0383-4287-a16d-6c0289a0c9ef.nta
ON WINDOW END
Story file completed at Sunday 23:48, November
Already auto saved for period November
Handling success sequence 61
Set mode to Printing
Warning: No content matches found for Macros.MacroBaseData with labels System.String[]
Devlivery complete
StartOfMonthEvent at Monday 00:00, December
EndOfMonthEvent at Sunday 23:59, December
Content Bulk: Released 0 items of unused content
World news count: 0
STOPPING QUEST _Game.Quests.HotTopicsQuest
Added Record Sales contributor
KERNEL RESIZE!
Starting content matrix algorithm...
Loading content bulk...
MAKE INACTIVE
MAKE INACTIVE
Awaiting content slices...
ContentMatrixSlice did not pass validation after 1/5.
ContentMatrixSlice did not pass validation after 1/5.
ContentMatrixSlice did not pass validation after 1/5.
ContentMatrixSlice did not pass validation after 1/5.
ContentMatrixSlice did not pass validation after 1/5.
ContentMatrixSlice did not pass validation after 1/5.
ContentMatrixSlice did not pass validation after 1/5.
ContentMatrixSlice did not pass validation after 1/5.
ContentMatrixSlice did not pass validation after 1/5.
ContentMatrixSlice did not pass validation after 1/5.
ContentMatrixSlice did not pass validation after 1/5.
ContentMatrixSlice did not pass validation after 1/5.
ContentMatrixSlice did not pass validation after 1/5.
ContentMatrixSlice did not pass validation after 1/5.
ContentMatrixSlice did not pass validation after 1/5.
ContentMatrixSlice did not pass validation after 1/5.
ContentMatrixSlice did not pass validation after 1/5.
ContentMatrixSlice did not pass validation after 1/5.
ContentMatrixSlice did not pass validation after 1/5.
ContentMatrixSlice did not pass validation after 2/5.
ContentMatrixSlice did not pass validation after 2/5.
ContentMatrixSlice did not pass validation after 2/5.
ContentMatrixSlice did not pass validation after 2/5.
ContentMatrixSlice did not pass validation after 2/5.
ContentMatrixSlice did not pass validation after 2/5.
ContentMatrixSlice did not pass validation after 2/5.
ContentMatrixSlice did not pass validation after 2/5.
ContentMatrixSlice did not pass validation after 2/5.
ContentMatrixSlice did not pass validation after 2/5.
ContentMatrixSlice did not pass validation after 2/5.
ContentMatrixSlice did not pass validation after 2/5.
ContentMatrixSlice did not pass validation after 2/5.
ContentMatrixSlice did not pass validation after 2/5.
ContentMatrixSlice did not pass validation after 2/5.
ContentMatrixSlice did not pass validation after 2/5.
ContentMatrixSlice did not pass validation after 2/5.
ContentMatrixSlice did not pass validation after 2/5.
ContentMatrixSlice did not pass validation after 3/5.
ContentMatrixSlice did not pass validation after 3/5.
ContentMatrixSlice did not pass validation after 3/5.
ContentMatrixSlice did not pass validation after 3/5.
ContentMatrixSlice did not pass validation after 3/5.
ContentMatrixSlice did not pass validation after 3/5.
ContentMatrixSlice did not pass validation after 3/5.
ContentMatrixSlice did not pass validation after 3/5.
ContentMatrixSlice did not pass validation after 3/5.
ContentMatrixSlice did not pass validation after 3/5.
ContentMatrixSlice did not pass validation after 2/5.
ContentMatrixSlice did not pass validation after 3/5.
ContentMatrixSlice did not pass validation after 3/5.
ContentMatrixSlice did not pass validation after 3/5.
ContentMatrixSlice did not pass validation after 3/5.
ContentMatrixSlice did not pass validation after 3/5.
ContentMatrixSlice did not pass validation after 3/5.
ContentMatrixSlice did not pass validation after 4/5.
ContentMatrixSlice did not pass validation after 4/5.
ContentMatrixSlice did not pass validation after 4/5.
ContentMatrixSlice did not pass validation after 4/5.
ContentMatrixSlice did not pass validation after 4/5.
ContentMatrixSlice did not pass validation after 3/5.
ContentMatrixSlice did not pass validation after 4/5.
ContentMatrixSlice did not pass validation after 4/5.
ContentMatrixSlice did not pass validation after 4/5.
ContentMatrixSlice did not pass validation after 3/5.
ContentMatrixSlice did not pass validation after 4/5.
ContentMatrixSlice did not pass validation after 3/5.
ContentMatrixSlice did not pass validation after 4/5.
ContentMatrixSlice did not pass validation after 4/5.
ContentMatrixSlice did not pass validation after 4/5.
ContentMatrixSlice did not pass validation after 4/5.
ContentMatrixSlice did not pass validation after 4/5.
ContentMatrixSlice did not pass validation after 4/5.
ContentMatrixSlice did not pass validation after 4/5.
ContentMatrixSlice did not pass validation after 5/5.
ContentMatrixSlice did not pass validation after 5/5.
ContentMatrixSlice did not pass validation after 4/5.
ContentMatrixSlice did not pass validation after 4/5.
ContentMatrixSlice did not pass validation after 5/5.
ContentMatrixSlice did not pass validation after 5/5.
ContentMatrixSlice did not pass validation after 5/5.
ContentMatrixSlice did not pass validation after 5/5.
ContentMatrixSlice did not pass validation after 5/5.
ContentMatrixSlice did not pass validation after 5/5.
ContentMatrixSlice did not pass validation after 4/5.
ContentMatrixSlice did not pass validation after 5/5.
ContentMatrixSlice did not pass validation after 5/5.
ContentMatrixSlice did not pass validation after 5/5.
ContentMatrixSlice did not pass validation after 5/5.
ContentMatrixSlice did not pass validation after 5/5.
ContentMatrixSlice did not pass validation after 5/5.
ContentMatrixSlice did not pass validation after 5/5.
ContentMatrixSlice did not pass validation after 5/5.
ContentMatrixSlice did not pass validation after 5/5.
ContentMatrixSlice did not pass validation after 5/5.
ContentMatrixSlice did not pass validation after 5/5.
Content Matrix took 18273ms. Details:
Slices: 57
Bulk:Total bulk size 532 items
Reportables.NewsItemData size 421 items
Reportables.Data.AdData size 111 items
For some obscure reason the generated quest (probably targets) was deemed invalid.
Trashing quest because it was deemed invalid.
The referenced script (UI.ContentToPreferredSizePreview) on this Behaviour is missing!
The referenced script on this Behaviour (Game Object 'Employee Line Display Canvas') is missing!
The referenced script on this Behaviour (Game Object 'Employee Line Display Canvas') is missing!
Rewarding 43500 of Sales
Rewarding 1 of Influence Points
Rewarding 6525 of Money
Rewarding 1 of Perception
Paying monthly expense for November: -3322.5
Awaiting content matrix algorithm result...
Content matrix algorithm finished!
Area Map Recap: DoSequence
RECAP DEACTIVATE
Confirm button enable
Start Playback
End Playback
Paying out entry!
Map reward payout, buildable unlock: Text Editing Desk Unlock Pair (Stock: -1, Unlock Mode: Set)
Map reward payout, skill unlock: Editor
IAreaMapRecapEnd
Setting pending quest at row 1
Spawned reportableFor American Ideals at Monday 00:00, December
Content Bulk: Released 532 items of unused content
Warning: No content matches found for Hiring.ApplicantData with labels System.String[]
*** Generated 12 new applicants
Set game shuffle from: Newstower8_Mid to Newstower3_Low
Set mode to GameShuffle
Print window start: Sunday 00:00, December end: Sunday 23:59, December
LastChanceToPrintEvent at Sunday 23:59, December
AutoSave event at Sunday 23:59, December
Success sequence done
Remaining lockers:
[--Full State--]
(DisableOnPause, NoSave)

[--Handlers--]
TowerTime:
()
Confirm button disable
Spawned reportable{spawnLocation} {mainSport} Unfit at Tuesday 01:48, December
Story file completed at Tuesday 10:32, December
Story file completed at Tuesday 17:39, December
Spawned reportable{politicalLocation} Ablaze! at Tuesday 21:31, December
Story file completed at Wednesday 17:30, December
Story file completed at Wednesday 20:19, December
Spawned reportablePoisoned Ears at Thursday 04:48, December
Story file completed at Thursday 05:08, December
Set game shuffle from: Newstower3_Low to Newstower3_Mid
Story file completed at Thursday 13:54, December
Spawned reportableUnlawful {crimeEventDescription} {statistics} at Thursday 19:51, December
Story file completed at Thursday 22:04, December
Story file completed at Friday 10:11, December
Spawned reportableResource Scarcity Troubling at Friday 16:56, December
Story file completed at Saturday 09:46, December
Story file completed at Saturday 10:29, December
Story file completed at Saturday 11:06, December
Spawned reportableProtest against hunger at Saturday 15:57, December
Finalize complete
Autosave entry was found
Auto save  game (0861c1a2-0383-4287-a16d-6c0289a0c9ef) written to C:/Users/john lee/AppData/LocalLow/Sparrow Night/News Tower\0861c1a2-0383-4287-a16d-6c0289a0c9ef.nta
ON WINDOW END
Story file completed at Sunday 09:56, December
Story file completed at Sunday 10:11, December
Already auto saved for period December
Handling success sequence 62
Set mode to Printing
Warning: No content matches found for Macros.MacroBaseData with labels System.String[]
Devlivery complete
StartOfMonthEvent at Monday 00:00, January
EndOfMonthEvent at Sunday 23:59, January
Content Bulk: Released 0 items of unused content
World news count: 0
KEEPING QUEST _Game.Quests.HotTopicsQuest
KERNEL RESIZE!
Starting content matrix algorithm...
Loading content bulk...
Awaiting content slices...
Content Matrix took 14181ms. Details:
Slices: 60
Bulk:Total bulk size 530 items
Reportables.NewsItemData size 419 items
Reportables.Data.AdData size 111 items
The referenced script (UI.ContentToPreferredSizePreview) on this Behaviour is missing!
The referenced script on this Behaviour (Game Object 'Employee Line Display Canvas') is missing!
The referenced script on this Behaviour (Game Object 'Employee Line Display Canvas') is missing!
Rewarding 19600 of Sales
Rewarding 0 of Influence Points
Rewarding 8940 of Money
Rewarding 1 of Perception
Paying monthly expense for December: -3460
Awaiting content matrix algorithm result...
Content matrix algorithm finished!
Area Map Recap: DoSequence
RECAP DEACTIVATE
Confirm button enable
Start Playback
End Playback
IAreaMapRecapEnd
Setting pending quest at row 1
Spawned reportableThe company that makes dreams at Monday 00:00, January
Content Bulk: Released 530 items of unused content
Warning: No content matches found for Hiring.ApplicantData with labels System.String[]
*** Generated 12 new applicants
Set game shuffle from: Newstower3_Mid to Newstower11_Low
Set mode to GameShuffle
Print window start: Sunday 00:00, January end: Sunday 23:59, January
LastChanceToPrintEvent at Sunday 23:59, January
AutoSave event at Sunday 23:59, January
Success sequence done
Remaining lockers:
[--Full State--]
(DisableOnPause, NoSave)

[--Handlers--]
TowerTime:
()
Confirm button disable
Spawned reportable{winning} {mainAndSecondarySport} at Monday 04:40, January
Confirm button enable
Confirm button disable
Spawned reportableEconomic {economicCrisis} Continues at Monday 07:53, January
Story file completed at Monday 21:23, January
Story file completed at Monday 23:26, January
Story file completed at Tuesday 00:08, January
Story file completed at Wednesday 00:02, January
Story file completed at Wednesday 03:55, January
Story file completed at Wednesday 10:54, January
Spawned reportable{politicsPersonDescription} Politician in Trouble at Wednesday 15:55, January
Story file completed at Thursday 07:56, January
Set game shuffle from: Newstower11_Low to Newstower11_Mid
Spawned reportableBeloved And Debated at Friday 01:10, January
Story file completed at Friday 03:57, January
User chose PLANE
Spawned reportableAgricultural Anguish! at Friday 15:14, January
Story file completed at Friday 19:33, January
Finalize complete
Story file completed at Saturday 11:02, January
Story file completed at Saturday 22:28, January
Autosave entry was found
Auto save  game (0861c1a2-0383-4287-a16d-6c0289a0c9ef) written to C:/Users/john lee/AppData/LocalLow/Sparrow Night/News Tower\0861c1a2-0383-4287-a16d-6c0289a0c9ef.nta
ON WINDOW END
Story file completed at Sunday 07:52, January
Already auto saved for period January
Handling success sequence 63
Set mode to Printing
Warning: No content matches found for Macros.MacroBaseData with labels System.String[]
Devlivery complete
StartOfMonthEvent at Monday 00:00, February
EndOfMonthEvent at Sunday 23:59, February
Content Bulk: Released 0 items of unused content
World news count: 0
KEEPING QUEST _Game.Quests.HotTopicsQuest
KERNEL RESIZE!
Starting content matrix algorithm...
Loading content bulk...
Awaiting content slices...
The referenced script (UI.ContentToPreferredSizePreview) on this Behaviour is missing!
The referenced script on this Behaviour (Game Object 'Employee Line Display Canvas') is missing!
The referenced script on this Behaviour (Game Object 'Employee Line Display Canvas') is missing!
The referenced script (UI.ContentToPreferredSizePreview) on this Behaviour is missing!
The referenced script on this Behaviour (Game Object 'Employee Line Display Canvas') is missing!
The referenced script on this Behaviour (Game Object 'Employee Line Display Canvas') is missing!
Rewarding 29600 of Sales
Rewarding 0 of Influence Points
Rewarding 4440 of Money
Rewarding 0 of Perception
Paying monthly expense for January: -3522.5
Awaiting content matrix algorithm result...
Content Matrix took 14224ms. Details:
Slices: 66
Bulk:Total bulk size 529 items
Reportables.NewsItemData size 418 items
Reportables.Data.AdData size 111 items
Content matrix algorithm finished!
Area Map Recap: DoSequence
RECAP DEACTIVATE
Confirm button enable
Start Playback
End Playback
IAreaMapRecapEnd
Setting pending quest at row 1
Content Bulk: Released 529 items of unused content
Warning: No content matches found for Hiring.ApplicantData with labels System.String[]
*** Generated 12 new applicants
Set game shuffle from: Newstower11_Mid to Newstower8_Low
Set mode to GameShuffle
Print window start: Sunday 00:00, February end: Sunday 23:59, February
LastChanceToPrintEvent at Sunday 23:59, February
AutoSave event at Sunday 23:59, February
Success sequence done
Remaining lockers:
[--Full State--]
(DisableOnPause, NoSave)

[--Handlers--]
TowerTime:
()
Confirm button disable
Story file completed at Monday 09:27, February
Spawned reportable{politicsEventDescription} {politicsGroup} Shows Influence at Monday 22:38, February
Story file completed at Tuesday 04:40, February
Spawned reportableUnlawful {crimeEventDescription} {statistics} at Tuesday 10:36, February
Story file completed at Tuesday 16:29, February
Story file completed at Wednesday 06:36, February
Spawned reportable{societyGenericPerson} Hiking {lost} in {outdoors} at Wednesday 13:28, February
Story file completed at Wednesday 16:26, February
Instructor InstructorFramework.Macros.ExplainTeasedSkillStoryFileInstructor has stopped, success: False
Spawned reportable{mainAndSecondarySport} on {team} Trip at Wednesday 21:03, February
Instructor InstructorFramework.Macros.ExplainTeasedSkillStoryFileInstructor has stopped, success: False
Story file completed at Thursday 05:09, February
Instructor InstructorFramework.Macros.ExplainTeasedSkillStoryFileInstructor has stopped, success: False
Story file completed at Thursday 14:07, February
Set game shuffle from: Newstower8_Low to Newstower8_Mid
Instructor InstructorFramework.Macros.ExplainTeasedSkillStoryFileInstructor has stopped, success: False
Spawned reportableHollywood Union? at Thursday 23:09, February
Story file completed at Thursday 23:18, February
Spawned reportableObscure and elitist at Friday 07:49, February
Story file completed at Friday 21:39, February
Story file completed at Saturday 07:51, February
Spawned reportableLettuce Farmers On Strike at Saturday 16:28, February
Finalize complete
Story file completed at Sunday 07:21, February
Spawned reportableFundraising Russian children at Sunday 08:19, February
Autosave entry was found
Auto save  game (0861c1a2-0383-4287-a16d-6c0289a0c9ef) written to C:/Users/john lee/AppData/LocalLow/Sparrow Night/News Tower\0861c1a2-0383-4287-a16d-6c0289a0c9ef.nta
ON LAST CHANCE TO PRINT
Last chance window begin
Already auto saved for period February
ON WINDOW END
Handling success sequence 64
Set mode to Printing
Warning: No content matches found for Macros.MacroBaseData with labels System.String[]
Devlivery complete
StartOfMonthEvent at Monday 00:00, March
EndOfMonthEvent at Sunday 23:59, March
Content Bulk: Released 0 items of unused content
World news count: 0
KEEPING QUEST _Game.Quests.HotTopicsQuest
KERNEL RESIZE!
Starting content matrix algorithm...
Loading content bulk...
Awaiting content slices...
Content Matrix took 14174ms. Details:
Slices: 69
Bulk:Total bulk size 525 items
Reportables.NewsItemData size 414 items
Reportables.Data.AdData size 111 items
The referenced script (UI.ContentToPreferredSizePreview) on this Behaviour is missing!
The referenced script on this Behaviour (Game Object 'Employee Line Display Canvas') is missing!
The referenced script on this Behaviour (Game Object 'Employee Line Display Canvas') is missing!
Rewarding 33700 of Sales
Rewarding 20 of Influence Points
Rewarding 12555 of Money
Rewarding 1 of Perception
Paying monthly expense for February: -3522.5
Awaiting content matrix algorithm result...
Content matrix algorithm finished!
Area Map Recap: DoSequence
RECAP DEACTIVATE
Confirm button enable
Start Playback
End Playback
Paying out entry!
Map reward payout, skill unlock: Photographer
Map reward payout, skill unlock: Photo Processor
Map reward payout, skill unlock: Engraver
Map reward payout, buildable unlock: Photographer Desk Unlock Pair (Stock: -1, Unlock Mode: Set)
Map reward payout, buildable unlock: Repro Camera Unlock Pair (Stock: -1, Unlock Mode: Set)
Map reward payout, buildable unlock: Chemical Engraver Unlock Pair (Stock: -1, Unlock Mode: Set)
Map reward payout, skill unlock: Darkroom Technician
Map reward payout, buildable unlock: Darkroom Unlock Pair (Stock: -1, Unlock Mode: Set)
Paying out entry!
Map reward payout, buildable unlock: Alarm Light Unlock Pair (Stock: -1, Unlock Mode: Set)
IAreaMapRecapEnd
Setting pending quest at row 1
Spawned reportableThe company that makes dreams at Monday 00:00, March
Content Bulk: Released 525 items of unused content
Warning: No content matches found for Hiring.ApplicantData with labels System.String[]
*** Generated 12 new applicants
Set game shuffle from: Newstower8_Mid to Newstower3_Low
Set mode to GameShuffle
Print window start: Sunday 00:00, March end: Sunday 23:59, March
LastChanceToPrintEvent at Sunday 23:59, March
AutoSave event at Sunday 23:59, March
Success sequence done
Remaining lockers:
[--Full State--]
(DisableOnPause, NoSave)

[--Handlers--]
TowerTime:
()
Confirm button disable
Story file completed at Monday 03:24, March
Story file completed at Monday 06:48, March
MACRO UNLOADED: Photographer - Build Desk
Instructor InstructorFramework.AssignInstructor has stopped, success: True
MACRO UNLOADED: Photographer - Assign
Spawned reportable{spawnLocation} {mainSport} Unfit at Monday 11:28, March
Story file completed at Monday 16:11, March
Instructor InstructorFramework.Implementations.Common.BuildSomethingUniqueInstructor has stopped, success: True
MACRO UNLOADED: Photographer - Build Darkroom
Instructor InstructorFramework.AssignInstructor has stopped, success: True
MACRO UNLOADED: Photographer - Assign Darkroom
MACRO UNLOADED: Photographer - Guide
Finalize complete
Story file completed at Tuesday 09:41, March
Spawned reportable{products} {supply} Production in {economicCrisis} at Tuesday 20:27, March
[Debug  :XUnity.AutoTranslator] Closing connections to endpoint 'https://translate.google.com:443' due to inactivity.
Instructor InstructorFramework.Macros.ExplainTeasedSkillStoryFileInstructor has stopped, success: False
Story file completed at Wednesday 15:16, March
Instructor InstructorFramework.Macros.ExplainTeasedSkillStoryFileInstructor has stopped, success: False
Story file completed at Thursday 00:27, March
Spawned reportable{entertainmentPrefix} Movie Sequel In The Works at Thursday 06:04, March
Story file completed at Thursday 06:54, March
Set game shuffle from: Newstower3_Low to Newstower3_Mid
Spawned reportablePistol fired by accident at Thursday 14:45, March
Story file completed at Thursday 21:49, March
Story file completed at Thursday 23:15, March
Story file completed at Friday 05:02, March
[Debug  :XUnity.AutoTranslator] Closing connections to endpoint 'https://translate.google.com:443' due to inactivity.
Spawned reportableAgents Bust Illegal Speakeasy at Friday 20:08, March
Finalize complete
Story file completed at Sunday 00:47, March
Autosave entry was found
Auto save  game (0861c1a2-0383-4287-a16d-6c0289a0c9ef) written to C:/Users/john lee/AppData/LocalLow/Sparrow Night/News Tower\0861c1a2-0383-4287-a16d-6c0289a0c9ef.nta
ON WINDOW END
Already auto saved for period March
Handling success sequence 65
Set mode to Printing
Warning: No content matches found for Macros.MacroBaseData with labels System.String[]
Devlivery complete
StartOfMonthEvent at Monday 00:00, April
EndOfMonthEvent at Sunday 23:59, April
[Debug  :XUnity.AutoTranslator] Closing connections to endpoint 'https://translate.google.com:443' due to inactivity.
Content Bulk: Released 0 items of unused content
World news count: 0
STOPPING QUEST _Game.Quests.HotTopicsQuest
KERNEL RESIZE!
Starting content matrix algorithm...
Loading content bulk...
The referenced script (UI.ContentToPreferredSizePreview) on this Behaviour is missing!
The referenced script on this Behaviour (Game Object 'Employee Line Display Canvas') is missing!
The referenced script on this Behaviour (Game Object 'Employee Line Display Canvas') is missing!
Awaiting content slices...
Rewarding 19400 of Sales
Rewarding 2 of Influence Points
Rewarding 2910 of Money
Rewarding -1 of Perception
Paying monthly expense for March: -3722.5
Awaiting content matrix algorithm result...
RECAP DEACTIVATE
Content Matrix took 14843ms. Details:
Slices: 78
Bulk:Total bulk size 524 items
Reportables.NewsItemData size 413 items
Reportables.Data.AdData size 111 items
Content matrix algorithm finished!
Area Map Recap: DoSequence
Confirm button enable
Start Playback
End Playback
IAreaMapRecapEnd
Setting pending quest at row 1
Spawned reportableDress to impress  at Monday 00:00, April
Content Bulk: Released 524 items of unused content
Warning: No content matches found for Hiring.ApplicantData with labels System.String[]
*** Generated 12 new applicants
Set game shuffle from: Newstower3_Mid to Newstower11_Low
Set mode to GameShuffle
Print window start: Sunday 00:00, April end: Sunday 23:59, April
LastChanceToPrintEvent at Sunday 23:59, April
AutoSave event at Sunday 23:59, April
Success sequence done
Remaining lockers:
[--Full State--]
(DisableOnPause, NoSave)

[--Handlers--]
TowerTime:
()
Confirm button disable
[Debug  :XUnity.AutoTranslator] Closing connections to endpoint 'https://translate.google.com:443' due to inactivity.
Spawned reportableWoman buried alive by cult at Tuesday 01:52, April
Story file completed at Tuesday 02:14, April
[Debug  :XUnity.AutoTranslator] Closing connections to endpoint 'https://translate.google.com:443' due to inactivity.
Story file completed at Tuesday 11:29, April
Spawned reportable{winning} {mainAndSecondarySport} at Tuesday 17:37, April
Story file completed at Tuesday 23:43, April
Stop instruction debug message: Not in newsbook or cannot resolve
Instructor InstructorFramework.Macros.ExplainEditorBoxInstructor has stopped, success: True
MACRO UNLOADED: Explain Editor Box
[Error  :XUnity.AutoTranslator] Batch operation received incorrect number of translations.
[Error  :XUnity.AutoTranslator] Failed: 'SUCCEEDING FOOTBALL'
[Error  :XUnity.AutoTranslator] Failed: 'This item contains negative tags.
The editor can remove them, improving the quality
of the article!'
[Error  :XUnity.AutoTranslator] Failed: 'NAVARRO WAS DEMANDED BY LEADER'
[Error  :XUnity.AutoTranslator] Failed: 'THE GRUESOME DEATH OF CELINE'
[Error  :XUnity.AutoTranslator] Failed: 'Scary that the mind can be so deceived'
[Error  :XUnity.AutoTranslator] A batch operation failed. Disabling batching and restarting failed jobs.
Story file completed at Wednesday 20:39, April
Story file completed at Wednesday 23:40, April
[Info   :XUnity.AutoTranslator] Re-enabled batching.
[Debug  :XUnity.AutoTranslator] Closing connections to endpoint 'https://translate.google.com:443' due to inactivity.
Spawned reportable{moviestar} Caught in Car {crash} at Thursday 10:09, April
Set game shuffle from: Newstower11_Low to Newstower11_Mid
Finalize complete
Story file completed at Saturday 07:55, April
Story file completed at Saturday 18:06, April
Spawned reportableUnlawful {crimeEventDescription} {statistics} at Saturday 23:39, April
Autosave entry was found
Auto save  game (0861c1a2-0383-4287-a16d-6c0289a0c9ef) written to C:/Users/john lee/AppData/LocalLow/Sparrow Night/News Tower\0861c1a2-0383-4287-a16d-6c0289a0c9ef.nta
ON WINDOW END
Story file completed at Sunday 16:37, April
Story file completed at Sunday 23:57, April
Already auto saved for period April
Handling success sequence 66
Set mode to Printing
Warning: No content matches found for Macros.MacroBaseData with labels System.String[]
Devlivery complete
StartOfMonthEvent at Monday 00:00, May
EndOfMonthEvent at Sunday 23:59, May
Content Bulk: Released 0 items of unused content
World news count: 0
STOPPING QUEST _Game.Quests.HotTopicsQuest
KERNEL RESIZE!
Starting content matrix algorithm...
Loading content bulk...
Awaiting content slices...
Content Matrix took 14710ms. Details:
Slices: 78
Bulk:Total bulk size 523 items
Reportables.NewsItemData size 412 items
Reportables.Data.AdData size 111 items
The referenced script (UI.ContentToPreferredSizePreview) on this Behaviour is missing!
The referenced script on this Behaviour (Game Object 'Employee Line Display Canvas') is missing!
The referenced script on this Behaviour (Game Object 'Employee Line Display Canvas') is missing!
Rewarding 22100 of Sales
Rewarding 0 of Influence Points
Rewarding 5815 of Money
Rewarding 0 of Perception
Paying monthly expense for April: -3747.5
Awaiting content matrix algorithm result...
Content matrix algorithm finished!
Area Map Recap: DoSequence
RECAP DEACTIVATE
Confirm button enable
Start Playback
End Playback
IAreaMapRecapEnd
Setting pending quest at row 1
Content Bulk: Released 523 items of unused content
Warning: No content matches found for Hiring.ApplicantData with labels System.String[]
*** Generated 12 new applicants
Set game shuffle from: Newstower11_Mid to Newstower8_Low
Set mode to GameShuffle
Print window start: Sunday 00:00, May end: Sunday 23:59, May
LastChanceToPrintEvent at Sunday 23:59, May
AutoSave event at Sunday 23:59, May
Success sequence done
Remaining lockers:
[--Full State--]
(DisableOnPause, NoSave)

[--Handlers--]
TowerTime:
()
Confirm button disable
Spawned reportableSports Fan {murder} at Monday 05:11, May
Story file completed at Monday 18:29, May
Story file completed at Tuesday 22:30, May
Story file completed at Wednesday 00:40, May
Spawned reportable{politicsEventDescription} {politicsGroup} Shows Influence at Wednesday 15:49, May
Story file completed at Thursday 09:15, May
Set game shuffle from: Newstower8_Low to Newstower8_Mid
Story file completed at Thursday 18:30, May
Spawned reportable{spawnLocation} Monthly Polls at Friday 00:46, May
Story file completed at Friday 09:28, May
Spawned reportablePOISON IVY IN THE PARKS at Friday 15:13, May
Story file completed at Friday 17:13, May
Story file completed at Saturday 09:50, May
[Debug  :XUnity.AutoTranslator] Closing connections to endpoint 'https://translate.google.com:443' due to inactivity.
Story file completed at Saturday 21:58, May
Autosave entry was found
Auto save  game (0861c1a2-0383-4287-a16d-6c0289a0c9ef) written to C:/Users/john lee/AppData/LocalLow/Sparrow Night/News Tower\0861c1a2-0383-4287-a16d-6c0289a0c9ef.nta
ON WINDOW END
Story file completed at Sunday 21:01, May
Already auto saved for period May
Handling success sequence 67
Set mode to Printing
Warning: No content matches found for Macros.MacroBaseData with labels System.String[]
Devlivery complete
StartOfMonthEvent at Monday 00:00, June
EndOfMonthEvent at Sunday 23:59, June
Content Bulk: Released 0 items of unused content
World news count: 0
STOPPING QUEST _Game.Quests.HotTopicsQuest
KERNEL RESIZE!
Starting content matrix algorithm...
Loading content bulk...
Awaiting content slices...
Content Matrix took 14642ms. Details:
Slices: 78
Bulk:Total bulk size 525 items
Reportables.NewsItemData size 414 items
Reportables.Data.AdData size 111 items
The referenced script (UI.ContentToPreferredSizePreview) on this Behaviour is missing!
The referenced script on this Behaviour (Game Object 'Employee Line Display Canvas') is missing!
The referenced script on this Behaviour (Game Object 'Employee Line Display Canvas') is missing!
The referenced script (UI.ContentToPreferredSizePreview) on this Behaviour is missing!
The referenced script on this Behaviour (Game Object 'Employee Line Display Canvas') is missing!
The referenced script on this Behaviour (Game Object 'Employee Line Display Canvas') is missing!
The referenced script (UI.ContentToPreferredSizePreview) on this Behaviour is missing!
The referenced script on this Behaviour (Game Object 'Employee Line Display Canvas') is missing!
The referenced script on this Behaviour (Game Object 'Employee Line Display Canvas') is missing!
The referenced script (UI.ContentToPreferredSizePreview) on this Behaviour is missing!
The referenced script on this Behaviour (Game Object 'Employee Line Display Canvas') is missing!
The referenced script on this Behaviour (Game Object 'Employee Line Display Canvas') is missing!
Rewarding 29300 of Sales
Rewarding 0 of Influence Points
Rewarding 6395 of Money
Rewarding 1 of Perception
Paying monthly expense for May: -3847.5
Awaiting content matrix algorithm result...
Content matrix algorithm finished!
Area Map Recap: DoSequence
RECAP DEACTIVATE
Confirm button enable
Start Playback
End Playback
IAreaMapRecapEnd
Setting pending quest at row 1
Content Bulk: Released 525 items of unused content
Warning: No content matches found for Hiring.ApplicantData with labels System.String[]
*** Generated 12 new applicants
Set game shuffle from: Newstower8_Mid to Newstower3_Low
Set mode to GameShuffle
Print window start: Sunday 00:00, June end: Sunday 23:59, June
LastChanceToPrintEvent at Sunday 23:59, June
AutoSave event at Sunday 23:59, June
Success sequence done
Remaining lockers:
[--Full State--]
(DisableOnPause, NoSave)

[--Handlers--]
TowerTime:
()
Confirm button disable
Spawned reportableBOOTH IS RESTING AT INFIRMARY at Tuesday 05:45, June
Story file completed at Tuesday 23:45, June
Story file completed at Thursday 05:45, June
Set game shuffle from: Newstower3_Low to Newstower3_Mid
Spawned reportableUSA Sweeps America Zone at Friday 23:09, June
Story file completed at Saturday 13:00, June
Spawned reportableUnlawful {crimeEventDescription} {statistics} at Saturday 18:27, June
[Debug  :XUnity.AutoTranslator] Closing connections to endpoint 'https://translate.google.com:443' due to inactivity.
Story file completed at Sunday 12:32, June
Story file completed at Sunday 15:48, June
[Debug  :XUnity.AutoTranslator] Closing connections to endpoint 'https://translate.google.com:443' due to inactivity.
Spawned reportable{societyGenericPerson} Hiking {lost} in {outdoors} at Sunday 21:02, June
Autosave entry was found
Auto save  game (0861c1a2-0383-4287-a16d-6c0289a0c9ef) written to C:/Users/john lee/AppData/LocalLow/Sparrow Night/News Tower\0861c1a2-0383-4287-a16d-6c0289a0c9ef.nta
ON LAST CHANCE TO PRINT
Last chance window begin
Finalize complete
Already auto saved for period June
ON WINDOW END
Handling success sequence 68
Set mode to Printing
Warning: No content matches found for Macros.MacroBaseData with labels System.String[]
Devlivery complete
StartOfMonthEvent at Monday 00:00, July
EndOfMonthEvent at Sunday 23:59, July
Content Bulk: Released 0 items of unused content
World news count: 0
KEEPING QUEST _Game.Quests.HotTopicsQuest
KERNEL RESIZE!
Starting content matrix algorithm...
Loading content bulk...
Awaiting content slices...
The referenced script (UI.ContentToPreferredSizePreview) on this Behaviour is missing!
The referenced script on this Behaviour (Game Object 'Employee Line Display Canvas') is missing!
The referenced script on this Behaviour (Game Object 'Employee Line Display Canvas') is missing!
The referenced script (UI.ContentToPreferredSizePreview) on this Behaviour is missing!
The referenced script on this Behaviour (Game Object 'Employee Line Display Canvas') is missing!
The referenced script on this Behaviour (Game Object 'Employee Line Display Canvas') is missing!
Content Matrix took 15182ms. Details:
Slices: 90
Bulk:Total bulk size 524 items
Reportables.NewsItemData size 413 items
Reportables.Data.AdData size 111 items
Rewarding 33800 of Sales
Rewarding 0 of Influence Points
Rewarding 5070 of Money
Rewarding 1 of Perception
Paying monthly expense for June: -3885
Awaiting content matrix algorithm result...
Content matrix algorithm finished!
Area Map Recap: DoSequence
RECAP DEACTIVATE
Confirm button enable
Start Playback
End Playback
Paying out entry!
Map reward payout, buildable unlock: Landscape Painting Unlock Pair (Stock: 1, Unlock Mode: Set)
IAreaMapRecapEnd
Setting pending quest at row 1
Content Bulk: Released 524 items of unused content
Warning: No content matches found for Hiring.ApplicantData with labels System.String[]
*** Generated 12 new applicants
Set game shuffle from: Newstower3_Mid to Newstower11_Low
Set mode to GameShuffle
Print window start: Sunday 00:00, July end: Sunday 23:59, July
LastChanceToPrintEvent at Sunday 23:59, July
AutoSave event at Sunday 23:59, July
Success sequence done
Remaining lockers:
[--Full State--]
(DisableOnPause, NoSave)

[--Handlers--]
TowerTime:
()
Confirm button disable
Instructor InstructorFramework.Macros.ExplainTeasedSkillStoryFileInstructor has stopped, success: False
Story file completed at Monday 14:14, July
Story file completed at Monday 19:56, July
Instructor InstructorFramework.Macros.ExplainTeasedSkillStoryFileInstructor has stopped, success: False
Spawned reportable{crimeGoods} Seized By {police} at Tuesday 02:00, July
Story file completed at Tuesday 08:39, July
Spawned reportableNew {entertainmentAllMediums} causes {commotion} at Tuesday 13:55, July
Story file completed at Tuesday 18:49, July
Story file completed at Tuesday 22:23, July
[Debug  :XUnity.AutoTranslator] Closing connections to endpoint 'https://translate.google.com:443' due to inactivity.
Instructor InstructorFramework.Macros.HintStashTabInstructor has stopped, success: True
MACRO UNLOADED: Hint Stash Tab
[Debug  :XUnity.AutoTranslator] Closing connections to endpoint 'https://translate.google.com:443' due to inactivity.
Finalize complete
Finalize complete
Set game shuffle from: Newstower11_Low to Newstower11_Mid
Finalize complete
Finalize complete
Story file completed at Friday 08:50, July
[Debug  :XUnity.AutoTranslator] Closing connections to endpoint 'https://translate.google.com:443' due to inactivity.
Spawned reportable{entertainmentPrefix} Movie Sequel In The Works at Friday 22:03, July
Set mode to OptionsMenu
Updated SaveGameManager.DisplayName
save game (0861c1a2-0383-4287-a16d-6c0289a0c9ef) written to C:/Users/john lee/AppData/LocalLow/Sparrow Night/News Tower\0861c1a2-0383-4287-a16d-6c0289a0c9ef-1.nt
Set game shuffle from: Newstower11_Mid to Newstower8_Mid
Set mode to GameShuffle
Story file completed at Sunday 08:01, July
[Debug  :XUnity.AutoTranslator] Closing connections to endpoint 'https://translate.google.com:443' due to inactivity.
Story file completed at Sunday 13:15, July
Spawned reportableMiners saved at Sunday 18:11, July
Autosave entry was found
Auto save  game (0861c1a2-0383-4287-a16d-6c0289a0c9ef) written to C:/Users/john lee/AppData/LocalLow/Sparrow Night/News Tower\0861c1a2-0383-4287-a16d-6c0289a0c9ef.nta
ON LAST CHANCE TO PRINT
Last chance window begin
Already auto saved for period July
ON WINDOW END
Handling success sequence 69
Set mode to Printing
Warning: No content matches found for Macros.MacroBaseData with labels System.String[]
Devlivery complete
StartOfMonthEvent at Monday 00:00, August
EndOfMonthEvent at Sunday 23:59, August
Content Bulk: Released 0 items of unused content
World news count: 0
KEEPING QUEST _Game.Quests.HotTopicsQuest
Added Record Sales contributor
KERNEL RESIZE!
Starting content matrix algorithm...
Loading content bulk...
Awaiting content slices...
Rewarding 48800 of Sales
Rewarding 1 of Influence Points
Rewarding 7320 of Money
Rewarding -1 of Perception
Paying monthly expense for July: -3885
Awaiting content matrix algorithm result...
Content Matrix took 15436ms. Details:
Slices: 90
Bulk:Total bulk size 522 items
Reportables.NewsItemData size 411 items
Reportables.Data.AdData size 111 items
Content matrix algorithm finished!
Area Map Recap: DoSequence
RECAP DEACTIVATE
Confirm button enable
Start Playback
End Playback
IAreaMapRecapEnd
Setting pending quest at row 1
Spawned reportableDress to Impress at Monday 00:00, August
Content Bulk: Released 522 items of unused content
Warning: No content matches found for Hiring.ApplicantData with labels System.String[]
*** Generated 12 new applicants
Set game shuffle from: Newstower8_Mid to Newstower3_Low
Set mode to GameShuffle
Print window start: Sunday 00:00, August end: Sunday 23:59, August
LastChanceToPrintEvent at Sunday 23:59, August
AutoSave event at Sunday 23:59, August
Success sequence done
Remaining lockers:
[--Full State--]
(DisableOnPause, NoSave)

[--Handlers--]
TowerTime:
()
Confirm button disable
Spawned reportableSoup Kitchen Expansion at Monday 07:18, August
Story file completed at Monday 16:40, August
[Debug  :XUnity.AutoTranslator] Closing connections to endpoint 'https://translate.google.com:443' due to inactivity.
[Debug  :XUnity.AutoTranslator] Closing connections to endpoint 'https://translate.google.com:443' due to inactivity.
Joystick connected ("OrayVHID").
[Debug  :XUnity.AutoTranslator] Closing connections to endpoint 'https://translate.google.com:443' due to inactivity.
[Debug  :XUnity.AutoTranslator] Closing connections to endpoint 'https://translate.google.com:443' due to inactivity.
[Error  :XUnity.AutoTranslator] Error occurred while retrieving translation.
System.Net.WebException: Error: SecureChannelFailure (Authentication failed because the remote party has closed the transport stream.) ---> System.IO.IOException: Authentication failed because the remote party has closed the transport stream.
  at Mono.Net.Security.AsyncProtocolRequest.ProcessOperation (System.Threading.CancellationToken cancellationToken) [0x00115] in <647615f3c1e6423a897a1a8f71c1fd3c>:0 
  at Mono.Net.Security.AsyncProtocolRequest.StartOperation (System.Threading.CancellationToken cancellationToken) [0x0008b] in <647615f3c1e6423a897a1a8f71c1fd3c>:0 
  at Mono.Net.Security.MobileAuthenticatedStream.ProcessAuthentication (System.Boolean runSynchronously, Mono.Net.Security.MonoSslAuthenticationOptions options, System.Threading.CancellationToken cancellationToken) [0x00262] in <647615f3c1e6423a897a1a8f71c1fd3c>:0 
  at Mono.Net.Security.MonoTlsStream.CreateStream (System.Net.WebConnectionTunnel tunnel, System.Threading.CancellationToken cancellationToken) [0x0016a] in <647615f3c1e6423a897a1a8f71c1fd3c>:0 
  at System.Net.WebConnection.CreateStream (System.Net.WebOperation operation, System.Boolean reused, System.Threading.CancellationToken cancellationToken) [0x001ba] in <647615f3c1e6423a897a1a8f71c1fd3c>:0 
   --- End of inner exception stack trace ---
  at System.Net.WebConnection.CreateStream (System.Net.WebOperation operation, System.Boolean reused, System.Threading.CancellationToken cancellationToken) [0x0021a] in <647615f3c1e6423a897a1a8f71c1fd3c>:0 
  at System.Net.WebConnection.InitConnection (System.Net.WebOperation operation, System.Threading.CancellationToken cancellationToken) [0x00141] in <647615f3c1e6423a897a1a8f71c1fd3c>:0 
  at System.Net.WebOperation.Run () [0x0009a] in <647615f3c1e6423a897a1a8f71c1fd3c>:0 
  at System.Net.WebCompletionSource`1[T].WaitForCompletion () [0x00094] in <647615f3c1e6423a897a1a8f71c1fd3c>:0 
  at System.Net.HttpWebRequest.GetRequestStream () [0x00016] in <647615f3c1e6423a897a1a8f71c1fd3c>:0 
  at XUnity.AutoTranslator.Plugin.Core.Web.Internal.ConnectionTrackingWebClient.UploadDataCore (System.Uri address, System.String method, System.Byte[] data, System.Object userToken) [0x00016] in <e3c0bad3c8d74d1c9d523565b4b2ee3d>:0 
  at XUnity.AutoTranslator.Plugin.Core.Web.Internal.ConnectionTrackingWebClient.UploadData (System.Uri address, System.String method, System.Byte[] data) [0x0003e] in <e3c0bad3c8d74d1c9d523565b4b2ee3d>:0 
  at XUnity.AutoTranslator.Plugin.Core.Web.Internal.ConnectionTrackingWebClient.UploadString (System.Uri address, System.String method, System.String data) [0x00031] in <e3c0bad3c8d74d1c9d523565b4b2ee3d>:0 
  at XUnity.AutoTranslator.Plugin.Core.Web.Internal.ConnectionTrackingWebClient.<UploadStringAsync>b__127_0 (System.Object state) [0x00007] in <e3c0bad3c8d74d1c9d523565b4b2ee3d>:0 
[Error  :XUnity.AutoTranslator] Failed: '"NEW MOVIE CAUSES COMMOTION"
In Progress
Completes at Tuesday 19:26, August'
[Warning:XUnity.AutoTranslator] Retrying translation for '"NEW MOVIE CAUSES COMMOTION"
In Progress
Completes at Tuesday 19:26, August' against fallback endpoint instead.
[Warning:XUnity.AutoTranslator] An error occurred while setting up BingTranslate IG. Proceeding without...
System.Net.WebException: Error: SecureChannelFailure (Authentication failed because the remote party has closed the transport stream.) ---> System.IO.IOException: Authentication failed because the remote party has closed the transport stream.
  at Mono.Net.Security.AsyncProtocolRequest.ProcessOperation (System.Threading.CancellationToken cancellationToken) [0x00115] in <647615f3c1e6423a897a1a8f71c1fd3c>:0 
  at Mono.Net.Security.AsyncProtocolRequest.StartOperation (System.Threading.CancellationToken cancellationToken) [0x0008b] in <647615f3c1e6423a897a1a8f71c1fd3c>:0 
  at Mono.Net.Security.MobileAuthenticatedStream.ProcessAuthentication (System.Boolean runSynchronously, Mono.Net.Security.MonoSslAuthenticationOptions options, System.Threading.CancellationToken cancellationToken) [0x00262] in <647615f3c1e6423a897a1a8f71c1fd3c>:0 
  at Mono.Net.Security.MonoTlsStream.CreateStream (System.Net.WebConnectionTunnel tunnel, System.Threading.CancellationToken cancellationToken) [0x0016a] in <647615f3c1e6423a897a1a8f71c1fd3c>:0 
  at System.Net.WebConnection.CreateStream (System.Net.WebOperation operation, System.Boolean reused, System.Threading.CancellationToken cancellationToken) [0x001ba] in <647615f3c1e6423a897a1a8f71c1fd3c>:0 
   --- End of inner exception stack trace ---
  at System.Net.WebConnection.CreateStream (System.Net.WebOperation operation, System.Boolean reused, System.Threading.CancellationToken cancellationToken) [0x0021a] in <647615f3c1e6423a897a1a8f71c1fd3c>:0 
  at System.Net.WebConnection.InitConnection (System.Net.WebOperation operation, System.Threading.CancellationToken cancellationToken) [0x00141] in <647615f3c1e6423a897a1a8f71c1fd3c>:0 
  at System.Net.WebOperation.Run () [0x0009a] in <647615f3c1e6423a897a1a8f71c1fd3c>:0 
  at System.Net.WebCompletionSource`1[T].WaitForCompletion () [0x00094] in <647615f3c1e6423a897a1a8f71c1fd3c>:0 
  at System.Net.HttpWebRequest.RunWithTimeoutWorker[T] (System.Threading.Tasks.Task`1[TResult] workerTask, System.Int32 timeout, System.Action abort, System.Func`1[TResult] aborted, System.Threading.CancellationTokenSource cts) [0x000f8] in <647615f3c1e6423a897a1a8f71c1fd3c>:0 
  at System.Net.HttpWebRequest.GetResponse () [0x00016] in <647615f3c1e6423a897a1a8f71c1fd3c>:0 
  at XUnity.AutoTranslator.Plugin.Core.Web.Internal.ConnectionTrackingWebClient.GetWebResponse (System.Net.WebRequest request) [0x00000] in <e3c0bad3c8d74d1c9d523565b4b2ee3d>:0 
  at XUnity.AutoTranslator.Plugin.Core.Web.XUnityWebClient.GetWebResponse (System.Net.WebRequest request) [0x00000] in <e3c0bad3c8d74d1c9d523565b4b2ee3d>:0 
  at XUnity.AutoTranslator.Plugin.Core.Web.Internal.ConnectionTrackingWebClient.DownloadDataCore (System.Uri address, System.Object userToken) [0x0005c] in <e3c0bad3c8d74d1c9d523565b4b2ee3d>:0 
  at XUnity.AutoTranslator.Plugin.Core.Web.Internal.ConnectionTrackingWebClient.<DownloadStringAsync>b__72_0 (System.Object state) [0x00007] in <e3c0bad3c8d74d1c9d523565b4b2ee3d>:0 
[Error  :XUnity.AutoTranslator] Error occurred during translation.
System.NullReferenceException: Object reference not set to an instance of an object
  at BingTranslate.BingTranslateEndpoint.OnExtractTranslation (XUnity.AutoTranslator.Plugin.Core.Endpoints.Http.IHttpTranslationExtractionContext context) [0x00010] in <6dd559dabaa442ad811aa138e166b965>:0 
  at XUnity.AutoTranslator.Plugin.Core.Endpoints.Http.HttpEndpoint+<Translate>d__13.MoveNext () [0x0018a] in <e3c0bad3c8d74d1c9d523565b4b2ee3d>:0 
  at XUnity.AutoTranslator.Plugin.Core.Endpoints.TranslationEndpointManager+<Translate>d__78.MoveNext () [0x000fd] in <e3c0bad3c8d74d1c9d523565b4b2ee3d>:0 
[Error  :XUnity.AutoTranslator] Failed: '"NEW MOVIE CAUSES COMMOTION"
In Progress
Completes at Tuesday 19:26, August'
[Debug  :XUnity.AutoTranslator] Closing connections to endpoint 'https://translate.google.com:443' due to inactivity.
[Debug  :XUnity.AutoTranslator] Closing connections to endpoint 'https://www.bing.com:443' due to inactivity.
[Debug  :XUnity.AutoTranslator] Closing connections to endpoint 'https://translate.google.com:443' due to inactivity.
[Debug  :XUnity.AutoTranslator] Closing connections to endpoint 'https://translate.google.com:443' due to inactivity.
[Debug  :XUnity.AutoTranslator] Closing connections to endpoint 'https://translate.google.com:443' due to inactivity.
[Debug  :XUnity.AutoTranslator] Closing connections to endpoint 'https://translate.google.com:443' due to inactivity.
[Debug  :XUnity.AutoTranslator] Closing connections to endpoint 'https://translate.google.com:443' due to inactivity.
[Debug  :XUnity.AutoTranslator] Closing connections to endpoint 'https://translate.google.com:443' due to inactivity.
[Debug  :XUnity.AutoTranslator] Closing connections to endpoint 'https://translate.google.com:443' due to inactivity.
[Debug  :XUnity.AutoTranslator] Closing connections to endpoint 'https://translate.google.com:443' due to inactivity.
[Debug  :XUnity.AutoTranslator] Closing connections to endpoint 'https://translate.google.com:443' due to inactivity.
Set mode to OptionsMenu
Set game shuffle from: Newstower3_Low to Newstower11_Low
Set mode to GameShuffle
Set mode to OptionsMenu
Updated SaveGameManager.DisplayName
save game (0861c1a2-0383-4287-a16d-6c0289a0c9ef) written to C:/Users/john lee/AppData/LocalLow/Sparrow Night/News Tower\0861c1a2-0383-4287-a16d-6c0289a0c9ef-1.nt
Set game shuffle from: Newstower11_Low to Newstower8_Low
Set mode to GameShuffle
[Debug  :XUnity.AutoTranslator] Closing connections to endpoint 'https://translate.google.com:443' due to inactivity.
Set mode to OptionsMenu
Guide unload: inloading bullet macro Order Coal from guide macro because it wasn't unloaded yet.
Guide unload: inloading bullet macro Cartographer - Build Desk from guide macro because it wasn't unloaded yet.
Guide unload: inloading bullet macro Cartographer - Assign from guide macro because it wasn't unloaded yet.
Guide unload: inloading bullet macro Power Fail - Explain And Unlock Generator And Industrial Wallpaper from guide macro because it wasn't unloaded yet.
Set game shuffle from: Newstower8_Low to Newstower3_Low
Set mode to GameShuffle
Set mode to IntroMenu
Unloading 1 Unused Serialized files (Serialized files now loaded: 12)
UnloadTime: 994.205600 ms
Request https://clan.akamai.steamstatic.com/images/40684736/c8f4e9572dde05273472b4499b6aff3152442880_960x311.jpg
Unloading 9655 unused Assets to reduce memory usage. Loaded Objects now: 82109.
Total: 297.716100 ms (FindLiveObjects: 60.147200 ms CreateObjectMapping: 12.948400 ms MarkObjects: 184.188900 ms  DeleteObjects: 40.430600 ms)

Handling https://clan.akamai.steamstatic.com/images/40684736/c8f4e9572dde05273472b4499b6aff3152442880_960x311.jpg
Loaded https://clan.akamai.steamstatic.com/images/40684736/c8f4e9572dde05273472b4499b6aff3152442880_960x311.jpg from file cache
Setting up 5 worker threads for Enlighten.
Exception: Tried to Initialize the SteamAPI twice in one session!
  at SteamManager.Awake () [0x00026] in <7cc470c0280941a5a1b37ef6a214d6d9>:0 
UnityEngine.GameObject:Internal_AddComponentWithType(GameObject, Type)
UnityEngine.GameObject:AddComponent(Type)
UnityEngine.GameObject:AddComponent()
SteamManager:get_Instance()
SteamManager:get_Initialized()
SteamManager:TryGetSteamUserIdSafe(CSteamID&)
Analytics.AmpliEvent:.ctor(String)
Analytics.Ampli:Send(String, Boolean)
Analytics.AmpliSessionManager:OnDisable()

Curl error 35: Cert verify failed. Certificate could not be verified (either omitted or unsupported). UnityTls error code: 7
Memory Statistics:
[ALLOC_TEMP_TLS] TLS Allocator
  StackAllocators : 
    [ALLOC_TEMP_MAIN]
      Peak usage frame count: [0-1.0 KB]: 14715 frames, [1.0 KB-2.0 KB]: 462 frames, [2.0 KB-4.0 KB]: 677 frames, [4.0 KB-8.0 KB]: 8 frames, [8.0 KB-16.0 KB]: 6864 frames, [16.0 KB-32.0 KB]: 400 frames, [32.0 KB-64.0 KB]: 46 frames, [64.0 KB-128.0 KB]: 3 frames, [128.0 KB-256.0 KB]: 257749 frames, [256.0 KB-0.5 MB]: 8984819 frames, [0.5 MB-1.0 MB]: 739 frames, [1.0 MB-2.0 MB]: 10 frames, [4.0 MB-8.0 MB]: 4 frames
      Initial Block Size 4.0 MB
      Current Block Size 7.8 MB
      Peak Allocated Bytes 7.8 MB
      Overflow Count 16
    [ALLOC_TEMP_Job.Worker 18]
      Initial Block Size 256.0 KB
      Current Block Size 256.0 KB
      Peak Allocated Bytes 101.0 KB
      Overflow Count 0
    [ALLOC_TEMP_Loading.PreloadManager]
      Initial Block Size 256.0 KB
      Current Block Size 0.5 MB
      Peak Allocated Bytes 511.9 KB
      Overflow Count 52959924
    [ALLOC_TEMP_Background Job.Worker 8]
      Initial Block Size 32.0 KB
      Current Block Size 32.0 KB
      Peak Allocated Bytes 1.7 KB
      Overflow Count 0
    [ALLOC_TEMP_Background Job.Worker 10]
      Initial Block Size 32.0 KB
      Current Block Size 32.0 KB
      Peak Allocated Bytes 1.7 KB
      Overflow Count 0
    [ALLOC_TEMP_Job.Worker 16]
      Initial Block Size 256.0 KB
      Current Block Size 256.0 KB
      Peak Allocated Bytes 107.3 KB
      Overflow Count 0
    [ALLOC_TEMP_Background Job.Worker 6]
      Initial Block Size 32.0 KB
      Current Block Size 32.0 KB
      Peak Allocated Bytes 21.0 KB
      Overflow Count 1
    [ALLOC_TEMP_Job.Worker 4]
      Initial Block Size 256.0 KB
      Current Block Size 256.0 KB
      Peak Allocated Bytes 108.4 KB
      Overflow Count 0
    [ALLOC_TEMP_Job.Worker 14]
      Initial Block Size 256.0 KB
      Current Block Size 256.0 KB
      Peak Allocated Bytes 101.0 KB
      Overflow Count 0
    [ALLOC_TEMP_Job.Worker 17]
      Initial Block Size 256.0 KB
      Current Block Size 256.0 KB
      Peak Allocated Bytes 113.7 KB
      Overflow Count 0
    [ALLOC_TEMP_Job.Worker 3]
      Initial Block Size 256.0 KB
      Current Block Size 388.0 KB
      Peak Allocated Bytes 281.2 KB
      Overflow Count 0
    [ALLOC_TEMP_Background Job.Worker 12]
      Initial Block Size 32.0 KB
      Current Block Size 32.0 KB
      Peak Allocated Bytes 1.7 KB
      Overflow Count 0
    [ALLOC_TEMP_Background Job.Worker 1]
      Initial Block Size 32.0 KB
      Current Block Size 32.0 KB
      Peak Allocated Bytes 2.5 KB
      Overflow Count 0
    [ALLOC_TEMP_AssetGarbageCollectorHelper] x 19
      Initial Block Size 64.0 KB
      Current Block Size 64.0 KB
      Peak Allocated Bytes 0 B
      Overflow Count 0
    [ALLOC_TEMP_Background Job.Worker 5]
      Initial Block Size 32.0 KB
      Current Block Size 32.0 KB
      Peak Allocated Bytes 1.7 KB
      Overflow Count 0
    [ALLOC_TEMP_Background Job.Worker 13]
      Initial Block Size 32.0 KB
      Current Block Size 32.0 KB
      Peak Allocated Bytes 1.7 KB
      Overflow Count 0
    [ALLOC_TEMP_Background Job.Worker 11]
      Initial Block Size 32.0 KB
      Current Block Size 32.0 KB
      Peak Allocated Bytes 1.7 KB
      Overflow Count 0
    [ALLOC_TEMP_Job.Worker 2]
      Initial Block Size 256.0 KB
      Current Block Size 256.0 KB
      Peak Allocated Bytes 101.0 KB
      Overflow Count 0
    [ALLOC_TEMP_Background Job.Worker 3]
      Initial Block Size 32.0 KB
      Current Block Size 32.0 KB
      Peak Allocated Bytes 0.5 KB
      Overflow Count 0
    [ALLOC_TEMP_Background Job.Worker 0]
      Initial Block Size 32.0 KB
      Current Block Size 32.0 KB
      Peak Allocated Bytes 1.7 KB
      Overflow Count 2
    [ALLOC_TEMP_HIDInput]
      Initial Block Size 64.0 KB
      Current Block Size 64.0 KB
      Peak Allocated Bytes 10.8 KB
      Overflow Count 0
    [ALLOC_TEMP_Job.Worker 11]
      Initial Block Size 256.0 KB
      Current Block Size 256.0 KB
      Peak Allocated Bytes 111.3 KB
      Overflow Count 0
    [ALLOC_TEMP_Background Job.Worker 4]
      Initial Block Size 32.0 KB
      Current Block Size 32.0 KB
      Peak Allocated Bytes 1.7 KB
      Overflow Count 0
    [ALLOC_TEMP_BatchDeleteObjects]
      Initial Block Size 64.0 KB
      Current Block Size 64.0 KB
      Peak Allocated Bytes 54 B
      Overflow Count 0
    [ALLOC_TEMP_Job.Worker 6]
      Initial Block Size 256.0 KB
      Current Block Size 256.0 KB
      Peak Allocated Bytes 101.9 KB
      Overflow Count 0
    [ALLOC_TEMP_Job.Worker 0]
      Initial Block Size 256.0 KB
      Current Block Size 256.0 KB
      Peak Allocated Bytes 114.7 KB
      Overflow Count 0
    [ALLOC_TEMP_Background Job.Worker 9]
      Initial Block Size 32.0 KB
      Current Block Size 32.0 KB
      Peak Allocated Bytes 1.7 KB
      Overflow Count 0
    [ALLOC_TEMP_Job.Worker 5]
      Initial Block Size 256.0 KB
      Current Block Size 256.0 KB
      Peak Allocated Bytes 115.0 KB
      Overflow Count 0
    [ALLOC_TEMP_Background Job.Worker 14]
      Initial Block Size 32.0 KB
      Current Block Size 32.0 KB
      Peak Allocated Bytes 1.7 KB
      Overflow Count 0
    [ALLOC_TEMP_Job.Worker 13]
      Initial Block Size 256.0 KB
      Current Block Size 256.0 KB
      Peak Allocated Bytes 112.7 KB
      Overflow Count 0
    [ALLOC_TEMP_EnlightenWorker] x 5
      Initial Block Size 64.0 KB
      Current Block Size 64.0 KB
      Peak Allocated Bytes 54 B
      Overflow Count 0
    [ALLOC_TEMP_Background Job.Worker 15]
      Initial Block Size 32.0 KB
      Current Block Size 32.0 KB
      Peak Allocated Bytes 1.7 KB
      Overflow Count 0
    [ALLOC_TEMP_Background Job.Worker 2]
      Initial Block Size 32.0 KB
      Current Block Size 32.0 KB
      Peak Allocated Bytes 1.7 KB
      Overflow Count 0
    [ALLOC_TEMP_Background Job.Worker 7]
      Initial Block Size 32.0 KB
      Current Block Size 32.0 KB
      Peak Allocated Bytes 1.7 KB
      Overflow Count 0
    [ALLOC_TEMP_UnityGfxDeviceWorker]
      Initial Block Size 256.0 KB
      Current Block Size 256.0 KB
      Peak Allocated Bytes 37.4 KB
      Overflow Count 0
    [ALLOC_TEMP_Job.Worker 9]
      Initial Block Size 256.0 KB
      Current Block Size 256.0 KB
      Peak Allocated Bytes 110.5 KB
      Overflow Count 0
    [ALLOC_TEMP_Job.Worker 8]
      Initial Block Size 256.0 KB
      Current Block Size 256.0 KB
      Peak Allocated Bytes 108.4 KB
      Overflow Count 0
    [ALLOC_TEMP_Job.Worker 7]
      Initial Block Size 256.0 KB
      Current Block Size 256.0 KB
      Peak Allocated Bytes 110.5 KB
      Overflow Count 0
    [ALLOC_TEMP_Job.Worker 1]
      Initial Block Size 256.0 KB
      Current Block Size 256.0 KB
      Peak Allocated Bytes 109.4 KB
      Overflow Count 0
    [ALLOC_TEMP_Job.Worker 10]
      Initial Block Size 256.0 KB
      Current Block Size 256.0 KB
      Peak Allocated Bytes 107.4 KB
      Overflow Count 0
    [ALLOC_TEMP_Job.Worker 15]
      Initial Block Size 256.0 KB
      Current Block Size 388.0 KB
      Peak Allocated Bytes 281.2 KB
      Overflow Count 0
    [ALLOC_TEMP_Job.Worker 12]
      Initial Block Size 256.0 KB
      Current Block Size 256.0 KB
      Peak Allocated Bytes 115.0 KB
      Overflow Count 0
    [ALLOC_TEMP_Loading.AsyncRead]
      Initial Block Size 64.0 KB
      Current Block Size 92.0 KB
      Peak Allocated Bytes 88.3 KB
      Overflow Count 0
[ALLOC_DEFAULT] Dual Thread Allocator
  Peak main deferred allocation count 32586
    [ALLOC_BUCKET]
      Large Block size 4.0 MB
      Used Block count 1
      Peak Allocated bytes 4.0 MB
      Failed Allocations. Bucket layout:
        16B: 15 Subsections = 15360 buckets. Failed count: 381922224
        32B: 22 Subsections = 11264 buckets. Failed count: 237783724
        48B: 25 Subsections = 8533 buckets. Failed count: 1814601022
        64B: 113 Subsections = 28928 buckets. Failed count: 289854
        80B: 36 Subsections = 7372 buckets. Failed count: 9406359
        96B: 16 Subsections = 2730 buckets. Failed count: 60361
        112B: 19 Subsections = 2779 buckets. Failed count: 6278881
        128B: 10 Subsections = 1280 buckets. Failed count: 297253
    [ALLOC_DEFAULT_MAIN]
      Peak usage frame count: [8.0 MB-16.0 MB]: 2 frames, [16.0 MB-32.0 MB]: 15725 frames, [32.0 MB-64.0 MB]: 1754 frames, [64.0 MB-128.0 MB]: 9248108 frames, [128.0 MB-256.0 MB]: 907 frames
      Requested Block Size 16.0 MB
      Peak Block count 11
      Peak Allocated memory 187.4 MB
      Peak Large allocation bytes 64.0 MB
    [ALLOC_DEFAULT_THREAD]
      Peak usage frame count: [16.0 MB-32.0 MB]: 14674 frames, [32.0 MB-64.0 MB]: 9199494 frames, [64.0 MB-128.0 MB]: 41991 frames, [128.0 MB-256.0 MB]: 2579 frames, [256.0 MB-0.50 GB]: 4551 frames, [0.50 GB-1.00 GB]: 2964 frames, [1.00 GB-2.00 GB]: 243 frames
      Requested Block Size 16.0 MB
      Peak Block count 75
      Peak Allocated memory 1.10 GB
      Peak Large allocation bytes 62.4 MB
[ALLOC_TEMP_JOB_1_FRAME]
  Initial Block Size 2.0 MB
  Used Block Count 1
  Overflow Count (too large) 0
  Overflow Count (full) 0
[ALLOC_TEMP_JOB_2_FRAMES]
  Initial Block Size 2.0 MB
  Used Block Count 1
  Overflow Count (too large) 0
  Overflow Count (full) 0
[ALLOC_TEMP_JOB_4_FRAMES (JobTemp)]
  Initial Block Size 2.0 MB
  Used Block Count 6
  Overflow Count (too large) 0
  Overflow Count (full) 0
[ALLOC_TEMP_JOB_ASYNC (Background)]
  Initial Block Size 1.0 MB
  Used Block Count 11
  Overflow Count (too large) 0
  Overflow Count (full) 0
[ALLOC_GFX] Dual Thread Allocator
  Peak main deferred allocation count 119
    [ALLOC_BUCKET]
      Large Block size 4.0 MB
      Used Block count 1
      Peak Allocated bytes 4.0 MB
      Failed Allocations. Bucket layout:
        16B: 15 Subsections = 15360 buckets. Failed count: 381922224
        32B: 22 Subsections = 11264 buckets. Failed count: 237783724
        48B: 25 Subsections = 8533 buckets. Failed count: 1814601022
        64B: 113 Subsections = 28928 buckets. Failed count: 289854
        80B: 36 Subsections = 7372 buckets. Failed count: 9406359
        96B: 16 Subsections = 2730 buckets. Failed count: 60361
        112B: 19 Subsections = 2779 buckets. Failed count: 6278881
        128B: 10 Subsections = 1280 buckets. Failed count: 297253
    [ALLOC_GFX_MAIN]
      Peak usage frame count: [32.0 KB-64.0 KB]: 14647 frames, [64.0 KB-128.0 KB]: 76 frames, [128.0 KB-256.0 KB]: 283 frames, [256.0 KB-0.5 MB]: 201 frames, [0.5 MB-1.0 MB]: 686 frames, [1.0 MB-2.0 MB]: 9523 frames, [2.0 MB-4.0 MB]: 354408 frames, [4.0 MB-8.0 MB]: 8886672 frames
      Requested Block Size 16.0 MB
      Peak Block count 1
      Peak Allocated memory 6.0 MB
      Peak Large allocation bytes 0 B
    [ALLOC_GFX_THREAD]
      Peak usage frame count: [1.0 MB-2.0 MB]: 14637 frames, [2.0 MB-4.0 MB]: 3 frames, [4.0 MB-8.0 MB]: 2 frames, [8.0 MB-16.0 MB]: 3 frames, [16.0 MB-32.0 MB]: 6 frames, [64.0 MB-128.0 MB]: 4 frames, [128.0 MB-256.0 MB]: 11 frames, [256.0 MB-0.50 GB]: 16 frames, [0.50 GB-1.00 GB]: 17426 frames, [1.00 GB-2.00 GB]: 9234388 frames
      Requested Block Size 16.0 MB
      Peak Block count 24
      Peak Allocated memory 1.15 GB
      Peak Large allocation bytes 0.78 GB
[ALLOC_CACHEOBJECTS] Dual Thread Allocator
  Peak main deferred allocation count 1598
    [ALLOC_BUCKET]
      Large Block size 4.0 MB
      Used Block count 1
      Peak Allocated bytes 4.0 MB
      Failed Allocations. Bucket layout:
        16B: 15 Subsections = 15360 buckets. Failed count: 381922224
        32B: 22 Subsections = 11264 buckets. Failed count: 237783724
        48B: 25 Subsections = 8533 buckets. Failed count: 1814601022
        64B: 113 Subsections = 28928 buckets. Failed count: 289854
        80B: 36 Subsections = 7372 buckets. Failed count: 9406359
        96B: 16 Subsections = 2730 buckets. Failed count: 60361
        112B: 19 Subsections = 2779 buckets. Failed count: 6278881
        128B: 10 Subsections = 1280 buckets. Failed count: 297253
    [ALLOC_CACHEOBJECTS_MAIN]
      Peak usage frame count: [8.0 MB-16.0 MB]: 13022 frames, [16.0 MB-32.0 MB]: 9250819 frames, [32.0 MB-64.0 MB]: 2655 frames
      Requested Block Size 4.0 MB
      Peak Block count 12
      Peak Allocated memory 46.8 MB
      Peak Large allocation bytes 7.9 MB
    [ALLOC_CACHEOBJECTS_THREAD]
      Peak usage frame count: [256.0 KB-0.5 MB]: 5 frames, [1.0 MB-2.0 MB]: 3 frames, [32.0 MB-64.0 MB]: 2173 frames, [64.0 MB-128.0 MB]: 3358 frames, [128.0 MB-256.0 MB]: 9260957 frames
      Requested Block Size 4.0 MB
      Peak Block count 25
      Peak Allocated memory 224.6 MB
      Peak Large allocation bytes 154.1 MB
[ALLOC_TYPETREE] Dual Thread Allocator
  Peak main deferred allocation count 0
    [ALLOC_BUCKET]
      Large Block size 4.0 MB
      Used Block count 1
      Peak Allocated bytes 4.0 MB
      Failed Allocations. Bucket layout:
        16B: 15 Subsections = 15360 buckets. Failed count: 381922224
        32B: 22 Subsections = 11264 buckets. Failed count: 237783724
        48B: 25 Subsections = 8533 buckets. Failed count: 1814601022
        64B: 113 Subsections = 28928 buckets. Failed count: 289854
        80B: 36 Subsections = 7372 buckets. Failed count: 9406359
        96B: 16 Subsections = 2730 buckets. Failed count: 60361
        112B: 19 Subsections = 2779 buckets. Failed count: 6278881
        128B: 10 Subsections = 1280 buckets. Failed count: 297253
    [ALLOC_TYPETREE_MAIN]
      Peak usage frame count: [128.0 KB-256.0 KB]: 10998 frames, [256.0 KB-0.5 MB]: 9255498 frames
      Requested Block Size 2.0 MB
      Peak Block count 1
      Peak Allocated memory 291.7 KB
      Peak Large allocation bytes 0 B
    [ALLOC_TYPETREE_THREAD]
      Peak usage frame count: [1.0 KB-2.0 KB]: 5 frames, [64.0 KB-128.0 KB]: 5268 frames, [128.0 KB-256.0 KB]: 34 frames, [256.0 KB-0.5 MB]: 1 frames, [0.5 MB-1.0 MB]: 2 frames, [1.0 MB-2.0 MB]: 4 frames, [2.0 MB-4.0 MB]: 9151 frames, [4.0 MB-8.0 MB]: 209 frames, [8.0 MB-16.0 MB]: 9251822 frames
      Requested Block Size 2.0 MB
      Peak Block count 6
      Peak Allocated memory 10.6 MB
      Peak Large allocation bytes 0 B
